System Temperature at START: 56.8 °C
START:::===== 2026-02-12 17:35:01 =====
Running SHA256ID-16, vec_len=2097152,Iter=14575
========================================
Option: gf2_exp Value: 16
Option: id_code_type Value: SHA256ID
Option: vec_len Value: 2097152
Option: csv_file_path Value: ./
Option: data_type Value: random
Option: force Value: 
Option: gf2_exp Value: 
Option: id_code_type Value: 
Option: input_data Value: HelloWorld
Option: n_iter Value: 14575
Option: rm_order Value: 1
Option: rs2_inner_tag_pos Value: 2
Option: tag_pos Value: 2
Option: vec_len Value: 
Vector Length (bytes): 2097152 Generated message size (symbols): 1048576 GF exponent: 16
SHA256ID took on Average 1372468.10 nsec for 16-bit with 14575 iterations.  in total : 20003722 microseconds. 
DONE
System Temperature at END: 58.4 °C
Finished Benchmark: SHA256ID-, vec_len=2097152., Iter=14575
END:::===== 2026-02-12 17:35:25 =====
