System Temperature at START: 56.8 °C
START:::===== 2026-02-12 17:33:09 =====
Running SHA256ID-16, vec_len=131072,Iter=222195
========================================
Option: gf2_exp Value: 16
Option: id_code_type Value: SHA256ID
Option: vec_len Value: 131072
Option: csv_file_path Value: ./
Option: data_type Value: random
Option: force Value: 
Option: gf2_exp Value: 
Option: id_code_type Value: 
Option: input_data Value: HelloWorld
Option: n_iter Value: 222195
Option: rm_order Value: 1
Option: rs2_inner_tag_pos Value: 2
Option: tag_pos Value: 2
Option: vec_len Value: 
Vector Length (bytes): 131072 Generated message size (symbols): 65536 GF exponent: 16
SHA256ID took on Average 89767.50 nsec for 16-bit with 222195 iterations.  in total : 19945889 microseconds. 
DONE
System Temperature at END: 57.3 °C
Finished Benchmark: SHA256ID-, vec_len=131072., Iter=222195
END:::===== 2026-02-12 17:33:33 =====
