System Temperature at START: 55.6 °C
START:::===== 2026-02-12 17:29:01 =====
Running SHA256ID-16, vec_len=256,Iter=4380163
========================================
Option: gf2_exp Value: 16
Option: id_code_type Value: SHA256ID
Option: vec_len Value: 256
Option: csv_file_path Value: ./
Option: data_type Value: random
Option: force Value: 
Option: gf2_exp Value: 
Option: id_code_type Value: 
Option: input_data Value: HelloWorld
Option: n_iter Value: 4380163
Option: rm_order Value: 1
Option: rs2_inner_tag_pos Value: 2
Option: tag_pos Value: 2
Option: vec_len Value: 
Vector Length (bytes): 256 Generated message size (symbols): 128 GF exponent: 16
SHA256ID took on Average 4450.12 nsec for 16-bit with 4380163 iterations.  in total : 19492237 microseconds. 
DONE
System Temperature at END: 56.8 °C
Finished Benchmark: SHA256ID-, vec_len=256., Iter=4380163
END:::===== 2026-02-12 17:29:24 =====
