System Temperature at START: 56.2 °C
START:::===== 2026-02-12 17:29:28 =====
Running SHA256ID-16, vec_len=512,Iter=4182507
========================================
Option: gf2_exp Value: 16
Option: id_code_type Value: SHA256ID
Option: vec_len Value: 512
Option: csv_file_path Value: ./
Option: data_type Value: random
Option: force Value: 
Option: gf2_exp Value: 
Option: id_code_type Value: 
Option: input_data Value: HelloWorld
Option: n_iter Value: 4182507
Option: rm_order Value: 1
Option: rs2_inner_tag_pos Value: 2
Option: tag_pos Value: 2
Option: vec_len Value: 
Vector Length (bytes): 512 Generated message size (symbols): 256 GF exponent: 16
SHA256ID took on Average 4651.62 nsec for 16-bit with 4182507 iterations.  in total : 19455452 microseconds. 
DONE
System Temperature at END: 56.8 °C
Finished Benchmark: SHA256ID-, vec_len=512., Iter=4182507
END:::===== 2026-02-12 17:29:52 =====
