System Temperature at START: 56.8 °C
START:::===== 2026-02-12 17:31:46 =====
Running SHA256ID-16, vec_len=16384,Iter=1317922
========================================
Option: gf2_exp Value: 16
Option: id_code_type Value: SHA256ID
Option: vec_len Value: 16384
Option: csv_file_path Value: ./
Option: data_type Value: random
Option: force Value: 
Option: gf2_exp Value: 
Option: id_code_type Value: 
Option: input_data Value: HelloWorld
Option: n_iter Value: 1317922
Option: rm_order Value: 1
Option: rs2_inner_tag_pos Value: 2
Option: tag_pos Value: 2
Option: vec_len Value: 
Vector Length (bytes): 16384 Generated message size (symbols): 8192 GF exponent: 16
SHA256ID took on Average 14952.87 nsec for 16-bit with 1317922 iterations.  in total : 19706719 microseconds. 
DONE
System Temperature at END: 57.3 °C
Finished Benchmark: SHA256ID-, vec_len=16384., Iter=1317922
END:::===== 2026-02-12 17:32:09 =====
