System Temperature at START: 56.2 °C
START:::===== 2026-02-12 17:29:56 =====
Running SHA256ID-16, vec_len=1024,Iter=3918395
========================================
Option: gf2_exp Value: 16
Option: id_code_type Value: SHA256ID
Option: vec_len Value: 1024
Option: csv_file_path Value: ./
Option: data_type Value: random
Option: force Value: 
Option: gf2_exp Value: 
Option: id_code_type Value: 
Option: input_data Value: HelloWorld
Option: n_iter Value: 3918395
Option: rm_order Value: 1
Option: rs2_inner_tag_pos Value: 2
Option: tag_pos Value: 2
Option: vec_len Value: 
Vector Length (bytes): 1024 Generated message size (symbols): 512 GF exponent: 16
SHA256ID took on Average 4941.95 nsec for 16-bit with 3918395 iterations.  in total : 19364524 microseconds. 
DONE
System Temperature at END: 56.8 °C
Finished Benchmark: SHA256ID-, vec_len=1024., Iter=3918395
END:::===== 2026-02-12 17:30:19 =====
