System Temperature at START: 56.2 °C
START:::===== 2026-02-12 17:27:37 =====
Running SHA256ID-16, vec_len=32,Iter=4636079
========================================
Option: gf2_exp Value: 16
Option: id_code_type Value: SHA256ID
Option: vec_len Value: 32
Option: csv_file_path Value: ./
Option: data_type Value: random
Option: force Value: 
Option: gf2_exp Value: 
Option: id_code_type Value: 
Option: input_data Value: HelloWorld
Option: n_iter Value: 4636079
Option: rm_order Value: 1
Option: rs2_inner_tag_pos Value: 2
Option: tag_pos Value: 2
Option: vec_len Value: 
Vector Length (bytes): 32 Generated message size (symbols): 16 GF exponent: 16
SHA256ID took on Average 4223.40 nsec for 16-bit with 4636079 iterations.  in total : 19580025 microseconds. 
DONE
System Temperature at END: 56.2 °C
Finished Benchmark: SHA256ID-, vec_len=32., Iter=4636079
END:::===== 2026-02-12 17:28:01 =====
