System Temperature at START: 56.8 °C
START:::===== 2026-02-12 17:32:41 =====
Running SHA256ID-16, vec_len=65536,Iter=423470
========================================
Option: gf2_exp Value: 16
Option: id_code_type Value: SHA256ID
Option: vec_len Value: 65536
Option: csv_file_path Value: ./
Option: data_type Value: random
Option: force Value: 
Option: gf2_exp Value: 
Option: id_code_type Value: 
Option: input_data Value: HelloWorld
Option: n_iter Value: 423470
Option: rm_order Value: 1
Option: rs2_inner_tag_pos Value: 2
Option: tag_pos Value: 2
Option: vec_len Value: 
Vector Length (bytes): 65536 Generated message size (symbols): 32768 GF exponent: 16
SHA256ID took on Average 47007.40 nsec for 16-bit with 423470 iterations.  in total : 19906222 microseconds. 
DONE
System Temperature at END: 57.3 °C
Finished Benchmark: SHA256ID-, vec_len=65536., Iter=423470
END:::===== 2026-02-12 17:33:05 =====
