System Temperature at START: 54.0 °C
START:::===== 2026-02-12 17:28:33 =====
Running SHA256ID-16, vec_len=128,Iter=4539955
========================================
Option: gf2_exp Value: 16
Option: id_code_type Value: SHA256ID
Option: vec_len Value: 128
Option: csv_file_path Value: ./
Option: data_type Value: random
Option: force Value: 
Option: gf2_exp Value: 
Option: id_code_type Value: 
Option: input_data Value: HelloWorld
Option: n_iter Value: 4539955
Option: rm_order Value: 1
Option: rs2_inner_tag_pos Value: 2
Option: tag_pos Value: 2
Option: vec_len Value: 
Vector Length (bytes): 128 Generated message size (symbols): 64 GF exponent: 16
SHA256ID took on Average 4368.71 nsec for 16-bit with 4539955 iterations.  in total : 19833750 microseconds. 
DONE
System Temperature at END: 56.8 °C
Finished Benchmark: SHA256ID-, vec_len=128., Iter=4539955
END:::===== 2026-02-12 17:28:57 =====
