System Temperature at START: 56.2 °C
START:::===== 2026-02-12 17:30:51 =====
Running SHA256ID-16, vec_len=4096,Iter=2773348
========================================
Option: gf2_exp Value: 16
Option: id_code_type Value: SHA256ID
Option: vec_len Value: 4096
Option: csv_file_path Value: ./
Option: data_type Value: random
Option: force Value: 
Option: gf2_exp Value: 
Option: id_code_type Value: 
Option: input_data Value: HelloWorld
Option: n_iter Value: 2773348
Option: rm_order Value: 1
Option: rs2_inner_tag_pos Value: 2
Option: tag_pos Value: 2
Option: vec_len Value: 
Vector Length (bytes): 4096 Generated message size (symbols): 2048 GF exponent: 16
SHA256ID took on Average 6917.57 nsec for 16-bit with 2773348 iterations.  in total : 19184834 microseconds. 
DONE
System Temperature at END: 57.9 °C
Finished Benchmark: SHA256ID-, vec_len=4096., Iter=2773348
END:::===== 2026-02-12 17:31:14 =====
