System Temperature at START: 56.2 °C
START:::===== 2026-02-12 17:33:37 =====
Running SHA256ID-16, vec_len=262144,Iter=114024
========================================
Option: gf2_exp Value: 16
Option: id_code_type Value: SHA256ID
Option: vec_len Value: 262144
Option: csv_file_path Value: ./
Option: data_type Value: random
Option: force Value: 
Option: gf2_exp Value: 
Option: id_code_type Value: 
Option: input_data Value: HelloWorld
Option: n_iter Value: 114024
Option: rm_order Value: 1
Option: rs2_inner_tag_pos Value: 2
Option: tag_pos Value: 2
Option: vec_len Value: 
Vector Length (bytes): 262144 Generated message size (symbols): 131072 GF exponent: 16
SHA256ID took on Average 175232.99 nsec for 16-bit with 114024 iterations.  in total : 19980766 microseconds. 
DONE
System Temperature at END: 57.9 °C
Finished Benchmark: SHA256ID-, vec_len=262144., Iter=114024
END:::===== 2026-02-12 17:34:01 =====
