System Temperature at START: 52.4 °C
START:::===== 2026-02-12 13:04:12 =====
Running RSID-8, vec_len=512,Iter=3947396
========================================
Option: gf2_exp Value: 8
Option: id_code_type Value: RSID
Option: vec_len Value: 512
Option: csv_file_path Value: ./
Option: data_type Value: random
Option: force Value: 
Option: gf2_exp Value: 
Option: id_code_type Value: 
Option: input_data Value: HelloWorld
Option: n_iter Value: 3947396
Option: rm_order Value: 1
Option: rs2_inner_tag_pos Value: 2
Option: tag_pos Value: 2
Option: vec_len Value: 
Vector Length (bytes): 512 Generated message size (symbols): 512 GF exponent: 8
Glois Field GF(2^8) Generated Successfully
RSID took on Average 5037.83 nsec for 8-bit with 3947396 iterations.  in total : 19886297 microseconds. 
DONE
System Temperature at END: 52.9 °C
Finished Benchmark: RSID-, vec_len=512., Iter=3947396
END:::===== 2026-02-12 13:04:35 =====
