System Temperature at START: 52.9 °C
START:::===== 2026-02-12 13:07:55 =====
Running RSID-8, vec_len=131072,Iter=15535
========================================
Option: gf2_exp Value: 8
Option: id_code_type Value: RSID
Option: vec_len Value: 131072
Option: csv_file_path Value: ./
Option: data_type Value: random
Option: force Value: 
Option: gf2_exp Value: 
Option: id_code_type Value: 
Option: input_data Value: HelloWorld
Option: n_iter Value: 15535
Option: rm_order Value: 1
Option: rs2_inner_tag_pos Value: 2
Option: tag_pos Value: 2
Option: vec_len Value: 
Vector Length (bytes): 131072 Generated message size (symbols): 131072 GF exponent: 8
Glois Field GF(2^8) Generated Successfully
RSID took on Average 1287364.05 nsec for 8-bit with 15535 iterations.  in total : 19999200 microseconds. 
DONE
System Temperature at END: 52.9 °C
Finished Benchmark: RSID-, vec_len=131072., Iter=15535
END:::===== 2026-02-12 13:08:19 =====
