System Temperature at START: 52.4 °C
START:::===== 2026-02-12 13:04:39 =====
Running RSID-8, vec_len=1024,Iter=1978315
========================================
Option: gf2_exp Value: 8
Option: id_code_type Value: RSID
Option: vec_len Value: 1024
Option: csv_file_path Value: ./
Option: data_type Value: random
Option: force Value: 
Option: gf2_exp Value: 
Option: id_code_type Value: 
Option: input_data Value: HelloWorld
Option: n_iter Value: 1978315
Option: rm_order Value: 1
Option: rs2_inner_tag_pos Value: 2
Option: tag_pos Value: 2
Option: vec_len Value: 
Vector Length (bytes): 1024 Generated message size (symbols): 1024 GF exponent: 8
Glois Field GF(2^8) Generated Successfully
RSID took on Average 10072.96 nsec for 8-bit with 1978315 iterations.  in total : 19927481 microseconds. 
DONE
System Temperature at END: 52.9 °C
Finished Benchmark: RSID-, vec_len=1024., Iter=1978315
END:::===== 2026-02-12 13:05:03 =====
