System Temperature at START: 52.4 °C
START:::===== 2026-02-12 13:03:16 =====
Running RSID-8, vec_len=128,Iter=15229276
========================================
Option: gf2_exp Value: 8
Option: id_code_type Value: RSID
Option: vec_len Value: 128
Option: csv_file_path Value: ./
Option: data_type Value: random
Option: force Value: 
Option: gf2_exp Value: 
Option: id_code_type Value: 
Option: input_data Value: HelloWorld
Option: n_iter Value: 15229276
Option: rm_order Value: 1
Option: rs2_inner_tag_pos Value: 2
Option: tag_pos Value: 2
Option: vec_len Value: 
Vector Length (bytes): 128 Generated message size (symbols): 128 GF exponent: 8
Glois Field GF(2^8) Generated Successfully
RSID took on Average 1283.77 nsec for 8-bit with 15229276 iterations.  in total : 19550878 microseconds. 
DONE
System Temperature at END: 51.8 °C
Finished Benchmark: RSID-, vec_len=128., Iter=15229276
END:::===== 2026-02-12 13:03:40 =====
