System Temperature at START: 52.9 °C
START:::===== 2026-02-12 13:02:49 =====
Running RSID-8, vec_len=64,Iter=29330243
========================================
Option: gf2_exp Value: 8
Option: id_code_type Value: RSID
Option: vec_len Value: 64
Option: csv_file_path Value: ./
Option: data_type Value: random
Option: force Value: 
Option: gf2_exp Value: 
Option: id_code_type Value: 
Option: input_data Value: HelloWorld
Option: n_iter Value: 29330243
Option: rm_order Value: 1
Option: rs2_inner_tag_pos Value: 2
Option: tag_pos Value: 2
Option: vec_len Value: 
Vector Length (bytes): 64 Generated message size (symbols): 64 GF exponent: 8
Glois Field GF(2^8) Generated Successfully
RSID took on Average 645.44 nsec for 8-bit with 29330243 iterations.  in total : 18931012 microseconds. 
DONE
System Temperature at END: 52.4 °C
Finished Benchmark: RSID-, vec_len=64., Iter=29330243
END:::===== 2026-02-12 13:03:12 =====
