System Temperature at START: 56.8 °C
START:::===== 2026-02-12 16:38:23 =====
Running RMID-16, vec_len=65536,Iter=167325
========================================
Option: gf2_exp Value: 16
Option: id_code_type Value: RMID
Option: vec_len Value: 65536
Option: csv_file_path Value: ./
Option: data_type Value: random
Option: force Value: 
Option: gf2_exp Value: 
Option: id_code_type Value: 
Option: input_data Value: HelloWorld
Option: n_iter Value: 167325
Option: rm_order Value: 1
Option: rs2_inner_tag_pos Value: 2
Option: tag_pos Value: 2
Option: vec_len Value: 
Vector Length (bytes): 65536 Generated message size (symbols): 32768 GF exponent: 16
Glois Field GF(2^16) Generated Successfully
RMID took on Average 119463.49 nsec for 16-bit with 167325 iterations.  in total : 19989228 microseconds. 
DONE
System Temperature at END: 58.4 °C
Finished Benchmark: RMID-, vec_len=65536., Iter=167325
END:::===== 2026-02-12 16:38:47 =====
