System Temperature at START: 56.8 °C
START:::===== 2026-02-12 16:34:14 =====
Running RMID-16, vec_len=128,Iter=23380327
========================================
Option: gf2_exp Value: 16
Option: id_code_type Value: RMID
Option: vec_len Value: 128
Option: csv_file_path Value: ./
Option: data_type Value: random
Option: force Value: 
Option: gf2_exp Value: 
Option: id_code_type Value: 
Option: input_data Value: HelloWorld
Option: n_iter Value: 23380327
Option: rm_order Value: 1
Option: rs2_inner_tag_pos Value: 2
Option: tag_pos Value: 2
Option: vec_len Value: 
Vector Length (bytes): 128 Generated message size (symbols): 64 GF exponent: 16
Glois Field GF(2^16) Generated Successfully
RMID took on Average 814.19 nsec for 16-bit with 23380327 iterations.  in total : 19036111 microseconds. 
DONE
System Temperature at END: 57.9 °C
Finished Benchmark: RMID-, vec_len=128., Iter=23380327
END:::===== 2026-02-12 16:34:37 =====
