System Temperature at START: 57.3 °C
START:::===== 2026-02-12 16:39:47 =====
Running RMID-16, vec_len=524288,Iter=20958
========================================
Option: gf2_exp Value: 16
Option: id_code_type Value: RMID
Option: vec_len Value: 524288
Option: csv_file_path Value: ./
Option: data_type Value: random
Option: force Value: 
Option: gf2_exp Value: 
Option: id_code_type Value: 
Option: input_data Value: HelloWorld
Option: n_iter Value: 20958
Option: rm_order Value: 1
Option: rs2_inner_tag_pos Value: 2
Option: tag_pos Value: 2
Option: vec_len Value: 
Vector Length (bytes): 524288 Generated message size (symbols): 262144 GF exponent: 16
Glois Field GF(2^16) Generated Successfully
RMID took on Average 973350.07 nsec for 16-bit with 20958 iterations.  in total : 20399470 microseconds. 
DONE
System Temperature at END: 57.3 °C
Finished Benchmark: RMID-, vec_len=524288., Iter=20958
END:::===== 2026-02-12 16:40:12 =====
