System Temperature at START: 56.2 °C
START:::===== 2026-02-12 16:36:59 =====
Running RMID-16, vec_len=8192,Iter=1315644
========================================
Option: gf2_exp Value: 16
Option: id_code_type Value: RMID
Option: vec_len Value: 8192
Option: csv_file_path Value: ./
Option: data_type Value: random
Option: force Value: 
Option: gf2_exp Value: 
Option: id_code_type Value: 
Option: input_data Value: HelloWorld
Option: n_iter Value: 1315644
Option: rm_order Value: 1
Option: rs2_inner_tag_pos Value: 2
Option: tag_pos Value: 2
Option: vec_len Value: 
Vector Length (bytes): 8192 Generated message size (symbols): 4096 GF exponent: 16
Glois Field GF(2^16) Generated Successfully
RMID took on Average 15209.43 nsec for 16-bit with 1315644 iterations.  in total : 20010192 microseconds. 
DONE
System Temperature at END: 57.3 °C
Finished Benchmark: RMID-, vec_len=8192., Iter=1315644
END:::===== 2026-02-12 16:37:23 =====
