System Temperature at START: 57.3 °C
START:::===== 2026-02-12 17:42:45 =====
Running SHA256ID-32, vec_len=16384,Iter=1309985
========================================
Option: gf2_exp Value: 32
Option: id_code_type Value: SHA256ID
Option: vec_len Value: 16384
Option: csv_file_path Value: ./
Option: data_type Value: random
Option: force Value: 
Option: gf2_exp Value: 
Option: id_code_type Value: 
Option: input_data Value: HelloWorld
Option: n_iter Value: 1309985
Option: rm_order Value: 1
Option: rs2_inner_tag_pos Value: 2
Option: tag_pos Value: 2
Option: vec_len Value: 
Vector Length (bytes): 16384 Generated message size (symbols): 4096 GF exponent: 32
SHA256ID took on Average 15154.73 nsec for 32-bit with 1309985 iterations.  in total : 19852471 microseconds. 
DONE
System Temperature at END: 57.3 °C
Finished Benchmark: SHA256ID-, vec_len=16384., Iter=1309985
END:::===== 2026-02-12 17:43:08 =====
