System Temperature at START: 57.3 °C
START:::===== 2026-02-12 17:45:04 =====
Running SHA256ID-32, vec_len=524288,Iter=57741
========================================
Option: gf2_exp Value: 32
Option: id_code_type Value: SHA256ID
Option: vec_len Value: 524288
Option: csv_file_path Value: ./
Option: data_type Value: random
Option: force Value: 
Option: gf2_exp Value: 
Option: id_code_type Value: 
Option: input_data Value: HelloWorld
Option: n_iter Value: 57741
Option: rm_order Value: 1
Option: rs2_inner_tag_pos Value: 2
Option: tag_pos Value: 2
Option: vec_len Value: 
Vector Length (bytes): 524288 Generated message size (symbols): 131072 GF exponent: 32
SHA256ID took on Average 346262.47 nsec for 32-bit with 57741 iterations.  in total : 19993541 microseconds. 
DONE
System Temperature at END: 57.9 °C
Finished Benchmark: SHA256ID-, vec_len=524288., Iter=57741
END:::===== 2026-02-12 17:45:28 =====
