System Temperature at START: 56.2 °C
START:::===== 2026-02-12 17:40:25 =====
Running SHA256ID-32, vec_len=512,Iter=4240072
========================================
Option: gf2_exp Value: 32
Option: id_code_type Value: SHA256ID
Option: vec_len Value: 512
Option: csv_file_path Value: ./
Option: data_type Value: random
Option: force Value: 
Option: gf2_exp Value: 
Option: id_code_type Value: 
Option: input_data Value: HelloWorld
Option: n_iter Value: 4240072
Option: rm_order Value: 1
Option: rs2_inner_tag_pos Value: 2
Option: tag_pos Value: 2
Option: vec_len Value: 
Vector Length (bytes): 512 Generated message size (symbols): 128 GF exponent: 32
SHA256ID took on Average 4784.08 nsec for 32-bit with 4240072 iterations.  in total : 20284860 microseconds. 
DONE
System Temperature at END: 57.9 °C
Finished Benchmark: SHA256ID-, vec_len=512., Iter=4240072
END:::===== 2026-02-12 17:40:50 =====
