System Temperature at START: 56.8 °C
START:::===== 2026-02-12 17:41:22 =====
Running SHA256ID-32, vec_len=2048,Iter=3404446
========================================
Option: gf2_exp Value: 32
Option: id_code_type Value: SHA256ID
Option: vec_len Value: 2048
Option: csv_file_path Value: ./
Option: data_type Value: random
Option: force Value: 
Option: gf2_exp Value: 
Option: id_code_type Value: 
Option: input_data Value: HelloWorld
Option: n_iter Value: 3404446
Option: rm_order Value: 1
Option: rs2_inner_tag_pos Value: 2
Option: tag_pos Value: 2
Option: vec_len Value: 
Vector Length (bytes): 2048 Generated message size (symbols): 512 GF exponent: 32
SHA256ID took on Average 5730.46 nsec for 32-bit with 3404446 iterations.  in total : 19509038 microseconds. 
DONE
System Temperature at END: 57.9 °C
Finished Benchmark: SHA256ID-, vec_len=2048., Iter=3404446
END:::===== 2026-02-12 17:41:46 =====
