System Temperature at START: 57.3 °C
START:::===== 2026-02-12 17:45:32 =====
Running SHA256ID-32, vec_len=1048576,Iter=29064
========================================
Option: gf2_exp Value: 32
Option: id_code_type Value: SHA256ID
Option: vec_len Value: 1048576
Option: csv_file_path Value: ./
Option: data_type Value: random
Option: force Value: 
Option: gf2_exp Value: 
Option: id_code_type Value: 
Option: input_data Value: HelloWorld
Option: n_iter Value: 29064
Option: rm_order Value: 1
Option: rs2_inner_tag_pos Value: 2
Option: tag_pos Value: 2
Option: vec_len Value: 
Vector Length (bytes): 1048576 Generated message size (symbols): 262144 GF exponent: 32
SHA256ID took on Average 688011.13 nsec for 32-bit with 29064 iterations.  in total : 19996355 microseconds. 
DONE
System Temperature at END: 57.9 °C
Finished Benchmark: SHA256ID-, vec_len=1048576., Iter=29064
END:::===== 2026-02-12 17:45:56 =====
