System Temperature at START: 56.8 °C
START:::===== 2026-02-12 17:41:50 =====
Running SHA256ID-32, vec_len=4096,Iter=2779487
========================================
Option: gf2_exp Value: 32
Option: id_code_type Value: SHA256ID
Option: vec_len Value: 4096
Option: csv_file_path Value: ./
Option: data_type Value: random
Option: force Value: 
Option: gf2_exp Value: 
Option: id_code_type Value: 
Option: input_data Value: HelloWorld
Option: n_iter Value: 2779487
Option: rm_order Value: 1
Option: rs2_inner_tag_pos Value: 2
Option: tag_pos Value: 2
Option: vec_len Value: 
Vector Length (bytes): 4096 Generated message size (symbols): 1024 GF exponent: 32
SHA256ID took on Average 6963.36 nsec for 32-bit with 2779487 iterations.  in total : 19354565 microseconds. 
DONE
System Temperature at END: 57.9 °C
Finished Benchmark: SHA256ID-, vec_len=4096., Iter=2779487
END:::===== 2026-02-12 17:42:13 =====
