System Temperature at START: 56.8 °C
START:::===== 2026-02-12 17:40:54 =====
Running SHA256ID-32, vec_len=1024,Iter=4000720
========================================
Option: gf2_exp Value: 32
Option: id_code_type Value: SHA256ID
Option: vec_len Value: 1024
Option: csv_file_path Value: ./
Option: data_type Value: random
Option: force Value: 
Option: gf2_exp Value: 
Option: id_code_type Value: 
Option: input_data Value: HelloWorld
Option: n_iter Value: 4000720
Option: rm_order Value: 1
Option: rs2_inner_tag_pos Value: 2
Option: tag_pos Value: 2
Option: vec_len Value: 
Vector Length (bytes): 1024 Generated message size (symbols): 256 GF exponent: 32
SHA256ID took on Average 5189.47 nsec for 32-bit with 4000720 iterations.  in total : 20761604 microseconds. 
DONE
System Temperature at END: 57.3 °C
Finished Benchmark: SHA256ID-, vec_len=1024., Iter=4000720
END:::===== 2026-02-12 17:41:18 =====
