System Temperature at START: 57.3 °C
START:::===== 2026-02-12 17:44:36 =====
Running SHA256ID-32, vec_len=262144,Iter=113898
========================================
Option: gf2_exp Value: 32
Option: id_code_type Value: SHA256ID
Option: vec_len Value: 262144
Option: csv_file_path Value: ./
Option: data_type Value: random
Option: force Value: 
Option: gf2_exp Value: 
Option: id_code_type Value: 
Option: input_data Value: HelloWorld
Option: n_iter Value: 113898
Option: rm_order Value: 1
Option: rs2_inner_tag_pos Value: 2
Option: tag_pos Value: 2
Option: vec_len Value: 
Vector Length (bytes): 262144 Generated message size (symbols): 65536 GF exponent: 32
SHA256ID took on Average 175224.99 nsec for 32-bit with 113898 iterations.  in total : 19957776 microseconds. 
DONE
System Temperature at END: 57.9 °C
Finished Benchmark: SHA256ID-, vec_len=262144., Iter=113898
END:::===== 2026-02-12 17:45:00 =====
