System Temperature at START: 57.3 °C
START:::===== 2026-02-12 17:44:08 =====
Running SHA256ID-32, vec_len=131072,Iter=222173
========================================
Option: gf2_exp Value: 32
Option: id_code_type Value: SHA256ID
Option: vec_len Value: 131072
Option: csv_file_path Value: ./
Option: data_type Value: random
Option: force Value: 
Option: gf2_exp Value: 
Option: id_code_type Value: 
Option: input_data Value: HelloWorld
Option: n_iter Value: 222173
Option: rm_order Value: 1
Option: rs2_inner_tag_pos Value: 2
Option: tag_pos Value: 2
Option: vec_len Value: 
Vector Length (bytes): 131072 Generated message size (symbols): 32768 GF exponent: 32
SHA256ID took on Average 89728.11 nsec for 32-bit with 222173 iterations.  in total : 19935162 microseconds. 
DONE
System Temperature at END: 57.9 °C
Finished Benchmark: SHA256ID-, vec_len=131072., Iter=222173
END:::===== 2026-02-12 17:44:32 =====
