System Temperature at START: 56.2 °C
START:::===== 2026-02-12 17:39:00 =====
Running SHA256ID-32, vec_len=64,Iter=4483993
========================================
Option: gf2_exp Value: 32
Option: id_code_type Value: SHA256ID
Option: vec_len Value: 64
Option: csv_file_path Value: ./
Option: data_type Value: random
Option: force Value: 
Option: gf2_exp Value: 
Option: id_code_type Value: 
Option: input_data Value: HelloWorld
Option: n_iter Value: 4483993
Option: rm_order Value: 1
Option: rs2_inner_tag_pos Value: 2
Option: tag_pos Value: 2
Option: vec_len Value: 
Vector Length (bytes): 64 Generated message size (symbols): 16 GF exponent: 32
SHA256ID took on Average 4417.78 nsec for 32-bit with 4483993 iterations.  in total : 19809293 microseconds. 
DONE
System Temperature at END: 56.2 °C
Finished Benchmark: SHA256ID-, vec_len=64., Iter=4483993
END:::===== 2026-02-12 17:39:24 =====
