System Temperature at START: 57.3 °C
START:::===== 2026-02-12 17:43:12 =====
Running SHA256ID-32, vec_len=32768,Iter=771823
========================================
Option: gf2_exp Value: 32
Option: id_code_type Value: SHA256ID
Option: vec_len Value: 32768
Option: csv_file_path Value: ./
Option: data_type Value: random
Option: force Value: 
Option: gf2_exp Value: 
Option: id_code_type Value: 
Option: input_data Value: HelloWorld
Option: n_iter Value: 771823
Option: rm_order Value: 1
Option: rs2_inner_tag_pos Value: 2
Option: tag_pos Value: 2
Option: vec_len Value: 
Vector Length (bytes): 32768 Generated message size (symbols): 8192 GF exponent: 32
SHA256ID took on Average 25628.68 nsec for 32-bit with 771823 iterations.  in total : 19780803 microseconds. 
DONE
System Temperature at END: 57.9 °C
Finished Benchmark: SHA256ID-, vec_len=32768., Iter=771823
END:::===== 2026-02-12 17:43:36 =====
