System Temperature at START: 57.3 °C
START:::===== 2026-02-12 17:51:28 =====
Running SHA256ID-64, vec_len=2048,Iter=3292284
========================================
Option: gf2_exp Value: 64
Option: id_code_type Value: SHA256ID
Option: vec_len Value: 2048
Option: csv_file_path Value: ./
Option: data_type Value: random
Option: force Value: 
Option: gf2_exp Value: 
Option: id_code_type Value: 
Option: input_data Value: HelloWorld
Option: n_iter Value: 3292284
Option: rm_order Value: 1
Option: rs2_inner_tag_pos Value: 2
Option: tag_pos Value: 2
Option: vec_len Value: 
Vector Length (bytes): 2048 Generated message size (symbols): 256 GF exponent: 64
SHA256ID took on Average 5644.07 nsec for 64-bit with 3292284 iterations.  in total : 18581873 microseconds. 
DONE
System Temperature at END: 57.9 °C
Finished Benchmark: SHA256ID-, vec_len=2048., Iter=3292284
END:::===== 2026-02-12 17:51:50 =====
