System Temperature at START: 57.3 °C
START:::===== 2026-02-12 17:55:36 =====
Running SHA256ID-64, vec_len=1048576,Iter=29063
========================================
Option: gf2_exp Value: 64
Option: id_code_type Value: SHA256ID
Option: vec_len Value: 1048576
Option: csv_file_path Value: ./
Option: data_type Value: random
Option: force Value: 
Option: gf2_exp Value: 
Option: id_code_type Value: 
Option: input_data Value: HelloWorld
Option: n_iter Value: 29063
Option: rm_order Value: 1
Option: rs2_inner_tag_pos Value: 2
Option: tag_pos Value: 2
Option: vec_len Value: 
Vector Length (bytes): 1048576 Generated message size (symbols): 131072 GF exponent: 64
SHA256ID took on Average 688126.13 nsec for 64-bit with 29063 iterations.  in total : 19999009 microseconds. 
DONE
System Temperature at END: 58.4 °C
Finished Benchmark: SHA256ID-, vec_len=1048576., Iter=29063
END:::===== 2026-02-12 17:56:01 =====
