System Temperature at START: 57.3 °C
START:::===== 2026-02-12 17:50:05 =====
Running SHA256ID-64, vec_len=256,Iter=4129833
========================================
Option: gf2_exp Value: 64
Option: id_code_type Value: SHA256ID
Option: vec_len Value: 256
Option: csv_file_path Value: ./
Option: data_type Value: random
Option: force Value: 
Option: gf2_exp Value: 
Option: id_code_type Value: 
Option: input_data Value: HelloWorld
Option: n_iter Value: 4129833
Option: rm_order Value: 1
Option: rs2_inner_tag_pos Value: 2
Option: tag_pos Value: 2
Option: vec_len Value: 
Vector Length (bytes): 256 Generated message size (symbols): 32 GF exponent: 64
SHA256ID took on Average 4500.81 nsec for 64-bit with 4129833 iterations.  in total : 18587590 microseconds. 
DONE
System Temperature at END: 57.9 °C
Finished Benchmark: SHA256ID-, vec_len=256., Iter=4129833
END:::===== 2026-02-12 17:50:27 =====
