System Temperature at START: 56.8 °C
START:::===== 2026-02-12 17:50:59 =====
Running SHA256ID-64, vec_len=1024,Iter=3982857
========================================
Option: gf2_exp Value: 64
Option: id_code_type Value: SHA256ID
Option: vec_len Value: 1024
Option: csv_file_path Value: ./
Option: data_type Value: random
Option: force Value: 
Option: gf2_exp Value: 
Option: id_code_type Value: 
Option: input_data Value: HelloWorld
Option: n_iter Value: 3982857
Option: rm_order Value: 1
Option: rs2_inner_tag_pos Value: 2
Option: tag_pos Value: 2
Option: vec_len Value: 
Vector Length (bytes): 1024 Generated message size (symbols): 128 GF exponent: 64
SHA256ID took on Average 5151.13 nsec for 64-bit with 3982857 iterations.  in total : 20516232 microseconds. 
DONE
System Temperature at END: 57.9 °C
Finished Benchmark: SHA256ID-, vec_len=1024., Iter=3982857
END:::===== 2026-02-12 17:51:24 =====
