System Temperature at START: 56.8 °C
START:::===== 2026-02-12 17:54:13 =====
Running SHA256ID-64, vec_len=131072,Iter=222062
========================================
Option: gf2_exp Value: 64
Option: id_code_type Value: SHA256ID
Option: vec_len Value: 131072
Option: csv_file_path Value: ./
Option: data_type Value: random
Option: force Value: 
Option: gf2_exp Value: 
Option: id_code_type Value: 
Option: input_data Value: HelloWorld
Option: n_iter Value: 222062
Option: rm_order Value: 1
Option: rs2_inner_tag_pos Value: 2
Option: tag_pos Value: 2
Option: vec_len Value: 
Vector Length (bytes): 131072 Generated message size (symbols): 16384 GF exponent: 64
SHA256ID took on Average 89852.67 nsec for 64-bit with 222062 iterations.  in total : 19952863 microseconds. 
DONE
System Temperature at END: 58.4 °C
Finished Benchmark: SHA256ID-, vec_len=131072., Iter=222062
END:::===== 2026-02-12 17:54:36 =====
