System Temperature at START: 57.3 °C
START:::===== 2026-02-12 17:48:43 =====
Running SHA256ID-64, vec_len=32,Iter=4397827
========================================
Option: gf2_exp Value: 64
Option: id_code_type Value: SHA256ID
Option: vec_len Value: 32
Option: csv_file_path Value: ./
Option: data_type Value: random
Option: force Value: 
Option: gf2_exp Value: 
Option: id_code_type Value: 
Option: input_data Value: HelloWorld
Option: n_iter Value: 4397827
Option: rm_order Value: 1
Option: rs2_inner_tag_pos Value: 2
Option: tag_pos Value: 2
Option: vec_len Value: 
Vector Length (bytes): 32 Generated message size (symbols): 4 GF exponent: 64
SHA256ID took on Average 4405.13 nsec for 64-bit with 4397827 iterations.  in total : 19373017 microseconds. 
DONE
System Temperature at END: 57.9 °C
Finished Benchmark: SHA256ID-, vec_len=32., Iter=4397827
END:::===== 2026-02-12 17:49:06 =====
