System Temperature at START: 56.8 °C
START:::===== 2026-02-12 17:49:38 =====
Running SHA256ID-64, vec_len=128,Iter=4076923
========================================
Option: gf2_exp Value: 64
Option: id_code_type Value: SHA256ID
Option: vec_len Value: 128
Option: csv_file_path Value: ./
Option: data_type Value: random
Option: force Value: 
Option: gf2_exp Value: 
Option: id_code_type Value: 
Option: input_data Value: HelloWorld
Option: n_iter Value: 4076923
Option: rm_order Value: 1
Option: rs2_inner_tag_pos Value: 2
Option: tag_pos Value: 2
Option: vec_len Value: 
Vector Length (bytes): 128 Generated message size (symbols): 16 GF exponent: 64
SHA256ID took on Average 4506.80 nsec for 64-bit with 4076923 iterations.  in total : 18373866 microseconds. 
DONE
System Temperature at END: 56.2 °C
Finished Benchmark: SHA256ID-, vec_len=128., Iter=4076923
END:::===== 2026-02-12 17:50:01 =====
