System Temperature at START: 57.9 °C
START:::===== 2026-02-12 17:56:05 =====
Running SHA256ID-64, vec_len=2097152,Iter=14577
========================================
Option: gf2_exp Value: 64
Option: id_code_type Value: SHA256ID
Option: vec_len Value: 2097152
Option: csv_file_path Value: ./
Option: data_type Value: random
Option: force Value: 
Option: gf2_exp Value: 
Option: id_code_type Value: 
Option: input_data Value: HelloWorld
Option: n_iter Value: 14577
Option: rm_order Value: 1
Option: rs2_inner_tag_pos Value: 2
Option: tag_pos Value: 2
Option: vec_len Value: 
Vector Length (bytes): 2097152 Generated message size (symbols): 262144 GF exponent: 64
SHA256ID took on Average 1372845.04 nsec for 64-bit with 14577 iterations.  in total : 20011962 microseconds. 
DONE
System Temperature at END: 58.4 °C
Finished Benchmark: SHA256ID-, vec_len=2097152., Iter=14577
END:::===== 2026-02-12 17:56:29 =====
