System Temperature at START: 57.3 °C
START:::===== 2026-02-12 17:52:49 =====
Running SHA256ID-64, vec_len=16384,Iter=1302219
========================================
Option: gf2_exp Value: 64
Option: id_code_type Value: SHA256ID
Option: vec_len Value: 16384
Option: csv_file_path Value: ./
Option: data_type Value: random
Option: force Value: 
Option: gf2_exp Value: 
Option: id_code_type Value: 
Option: input_data Value: HelloWorld
Option: n_iter Value: 1302219
Option: rm_order Value: 1
Option: rs2_inner_tag_pos Value: 2
Option: tag_pos Value: 2
Option: vec_len Value: 
Vector Length (bytes): 16384 Generated message size (symbols): 2048 GF exponent: 64
SHA256ID took on Average 15114.19 nsec for 64-bit with 1302219 iterations.  in total : 19681982 microseconds. 
DONE
System Temperature at END: 58.4 °C
Finished Benchmark: SHA256ID-, vec_len=16384., Iter=1302219
END:::===== 2026-02-12 17:53:13 =====
