System Temperature at START: 56.8 °C
START:::===== 2026-02-12 17:50:31 =====
Running SHA256ID-64, vec_len=512,Iter=4184363
========================================
Option: gf2_exp Value: 64
Option: id_code_type Value: SHA256ID
Option: vec_len Value: 512
Option: csv_file_path Value: ./
Option: data_type Value: random
Option: force Value: 
Option: gf2_exp Value: 
Option: id_code_type Value: 
Option: input_data Value: HelloWorld
Option: n_iter Value: 4184363
Option: rm_order Value: 1
Option: rs2_inner_tag_pos Value: 2
Option: tag_pos Value: 2
Option: vec_len Value: 
Vector Length (bytes): 512 Generated message size (symbols): 64 GF exponent: 64
SHA256ID took on Average 4737.31 nsec for 64-bit with 4184363 iterations.  in total : 19822619 microseconds. 
DONE
System Temperature at END: 57.3 °C
Finished Benchmark: SHA256ID-, vec_len=512., Iter=4184363
END:::===== 2026-02-12 17:50:55 =====
