System Temperature at START: 58.4 °C
START:::===== 2026-02-12 17:54:40 =====
Running SHA256ID-64, vec_len=262144,Iter=113920
========================================
Option: gf2_exp Value: 64
Option: id_code_type Value: SHA256ID
Option: vec_len Value: 262144
Option: csv_file_path Value: ./
Option: data_type Value: random
Option: force Value: 
Option: gf2_exp Value: 
Option: id_code_type Value: 
Option: input_data Value: HelloWorld
Option: n_iter Value: 113920
Option: rm_order Value: 1
Option: rs2_inner_tag_pos Value: 2
Option: tag_pos Value: 2
Option: vec_len Value: 
Vector Length (bytes): 262144 Generated message size (symbols): 32768 GF exponent: 64
SHA256ID took on Average 175245.47 nsec for 64-bit with 113920 iterations.  in total : 19963963 microseconds. 
DONE
System Temperature at END: 58.4 °C
Finished Benchmark: SHA256ID-, vec_len=262144., Iter=113920
END:::===== 2026-02-12 17:55:04 =====
