System Temperature at START: 57.3 °C
START:::===== 2026-02-12 17:51:54 =====
Running SHA256ID-64, vec_len=4096,Iter=2697639
========================================
Option: gf2_exp Value: 64
Option: id_code_type Value: SHA256ID
Option: vec_len Value: 4096
Option: csv_file_path Value: ./
Option: data_type Value: random
Option: force Value: 
Option: gf2_exp Value: 
Option: id_code_type Value: 
Option: input_data Value: HelloWorld
Option: n_iter Value: 2697639
Option: rm_order Value: 1
Option: rs2_inner_tag_pos Value: 2
Option: tag_pos Value: 2
Option: vec_len Value: 
Vector Length (bytes): 4096 Generated message size (symbols): 512 GF exponent: 64
SHA256ID took on Average 7030.28 nsec for 64-bit with 2697639 iterations.  in total : 18965160 microseconds. 
DONE
System Temperature at END: 58.4 °C
Finished Benchmark: SHA256ID-, vec_len=4096., Iter=2697639
END:::===== 2026-02-12 17:52:17 =====
