System Temperature at START: 55.1 °C
START:::===== 2026-02-12 14:44:02 =====
Running RSID-32, vec_len=512,Iter=7165633
========================================
Option: gf2_exp Value: 32
Option: id_code_type Value: RSID
Option: vec_len Value: 512
Option: csv_file_path Value: ./
Option: data_type Value: random
Option: force Value: 
Option: gf2_exp Value: 
Option: id_code_type Value: 
Option: input_data Value: HelloWorld
Option: n_iter Value: 7165633
Option: rm_order Value: 1
Option: rs2_inner_tag_pos Value: 2
Option: tag_pos Value: 2
Option: vec_len Value: 
Vector Length (bytes): 512 Generated message size (symbols): 128 GF exponent: 32
RSID took on Average 2762.51 nsec for 32-bit with 7165633 iterations.  in total : 19795164 microseconds. 
DONE
System Temperature at END: 55.1 °C
Finished Benchmark: RSID-, vec_len=512., Iter=7165633
END:::===== 2026-02-12 14:44:26 =====
