System Temperature at START: 54.5 °C
START:::===== 2026-02-12 14:47:42 =====
Running RSID-32, vec_len=131072,Iter=12157
========================================
Option: gf2_exp Value: 32
Option: id_code_type Value: RSID
Option: vec_len Value: 131072
Option: csv_file_path Value: ./
Option: data_type Value: random
Option: force Value: 
Option: gf2_exp Value: 
Option: id_code_type Value: 
Option: input_data Value: HelloWorld
Option: n_iter Value: 12157
Option: rm_order Value: 1
Option: rs2_inner_tag_pos Value: 2
Option: tag_pos Value: 2
Option: vec_len Value: 
Vector Length (bytes): 131072 Generated message size (symbols): 32768 GF exponent: 32
RSID took on Average 1646807.90 nsec for 32-bit with 12157 iterations.  in total : 20020243 microseconds. 
DONE
System Temperature at END: 55.6 °C
Finished Benchmark: RSID-, vec_len=131072., Iter=12157
END:::===== 2026-02-12 14:48:06 =====
