System Temperature at START: 55.1 °C
START:::===== 2026-02-12 14:44:30 =====
Running RSID-32, vec_len=1024,Iter=3349606
========================================
Option: gf2_exp Value: 32
Option: id_code_type Value: RSID
Option: vec_len Value: 1024
Option: csv_file_path Value: ./
Option: data_type Value: random
Option: force Value: 
Option: gf2_exp Value: 
Option: id_code_type Value: 
Option: input_data Value: HelloWorld
Option: n_iter Value: 3349606
Option: rm_order Value: 1
Option: rs2_inner_tag_pos Value: 2
Option: tag_pos Value: 2
Option: vec_len Value: 
Vector Length (bytes): 1024 Generated message size (symbols): 256 GF exponent: 32
RSID took on Average 6169.64 nsec for 32-bit with 3349606 iterations.  in total : 20665863 microseconds. 
DONE
System Temperature at END: 54.5 °C
Finished Benchmark: RSID-, vec_len=1024., Iter=3349606
END:::===== 2026-02-12 14:44:55 =====
