System Temperature at START: 55.1 °C
START:::===== 2026-02-12 14:43:05 =====
Running RSID-32, vec_len=128,Iter=37360830
========================================
Option: gf2_exp Value: 32
Option: id_code_type Value: RSID
Option: vec_len Value: 128
Option: csv_file_path Value: ./
Option: data_type Value: random
Option: force Value: 
Option: gf2_exp Value: 
Option: id_code_type Value: 
Option: input_data Value: HelloWorld
Option: n_iter Value: 37360830
Option: rm_order Value: 1
Option: rs2_inner_tag_pos Value: 2
Option: tag_pos Value: 2
Option: vec_len Value: 
Vector Length (bytes): 128 Generated message size (symbols): 32 GF exponent: 32
RSID took on Average 574.25 nsec for 32-bit with 37360830 iterations.  in total : 21454452 microseconds. 
DONE
System Temperature at END: 55.6 °C
Finished Benchmark: RSID-, vec_len=128., Iter=37360830
END:::===== 2026-02-12 14:43:30 =====
