System Temperature at START: 55.1 °C
START:::===== 2026-02-12 14:50:08 =====
Running RSID-32, vec_len=1048576,Iter=10000
========================================
Option: gf2_exp Value: 32
Option: id_code_type Value: RSID
Option: vec_len Value: 1048576
Option: csv_file_path Value: ./
Option: data_type Value: random
Option: force Value: 
Option: gf2_exp Value: 
Option: id_code_type Value: 
Option: input_data Value: HelloWorld
Option: n_iter Value: 10000
Option: rm_order Value: 1
Option: rs2_inner_tag_pos Value: 2
Option: tag_pos Value: 2
Option: vec_len Value: 
Vector Length (bytes): 1048576 Generated message size (symbols): 262144 GF exponent: 32
RSID took on Average 13698524.36 nsec for 32-bit with 10000 iterations.  in total : 136985243 microseconds. 
DONE
System Temperature at END: 55.6 °C
Finished Benchmark: RSID-, vec_len=1048576., Iter=10000
END:::===== 2026-02-12 14:52:29 =====
