System Temperature at START: 55.1 °C
START:::===== 2026-02-12 14:43:34 =====
Running RSID-32, vec_len=256,Iter=16754768
========================================
Option: gf2_exp Value: 32
Option: id_code_type Value: RSID
Option: vec_len Value: 256
Option: csv_file_path Value: ./
Option: data_type Value: random
Option: force Value: 
Option: gf2_exp Value: 
Option: id_code_type Value: 
Option: input_data Value: HelloWorld
Option: n_iter Value: 16754768
Option: rm_order Value: 1
Option: rs2_inner_tag_pos Value: 2
Option: tag_pos Value: 2
Option: vec_len Value: 
Vector Length (bytes): 256 Generated message size (symbols): 64 GF exponent: 32
RSID took on Average 1211.68 nsec for 32-bit with 16754768 iterations.  in total : 20301455 microseconds. 
DONE
System Temperature at END: 55.1 °C
Finished Benchmark: RSID-, vec_len=256., Iter=16754768
END:::===== 2026-02-12 14:43:58 =====
