System Temperature at START: 55.1 °C
START:::===== 2026-02-12 14:46:46 =====
Running RSID-32, vec_len=32768,Iter=52202
========================================
Option: gf2_exp Value: 32
Option: id_code_type Value: RSID
Option: vec_len Value: 32768
Option: csv_file_path Value: ./
Option: data_type Value: random
Option: force Value: 
Option: gf2_exp Value: 
Option: id_code_type Value: 
Option: input_data Value: HelloWorld
Option: n_iter Value: 52202
Option: rm_order Value: 1
Option: rs2_inner_tag_pos Value: 2
Option: tag_pos Value: 2
Option: vec_len Value: 
Vector Length (bytes): 32768 Generated message size (symbols): 8192 GF exponent: 32
RSID took on Average 382697.97 nsec for 32-bit with 52202 iterations.  in total : 19977599 microseconds. 
DONE
System Temperature at END: 54.5 °C
Finished Benchmark: RSID-, vec_len=32768., Iter=52202
END:::===== 2026-02-12 14:47:10 =====
