System Temperature at START: 57.3 °C
START:::===== 2026-02-12 16:25:31 =====
Running RMID-8, vec_len=131072,Iter=29694
========================================
Option: gf2_exp Value: 8
Option: id_code_type Value: RMID
Option: vec_len Value: 131072
Option: csv_file_path Value: ./
Option: data_type Value: random
Option: force Value: 
Option: gf2_exp Value: 
Option: id_code_type Value: 
Option: input_data Value: HelloWorld
Option: n_iter Value: 29694
Option: rm_order Value: 1
Option: rs2_inner_tag_pos Value: 2
Option: tag_pos Value: 2
Option: vec_len Value: 
Vector Length (bytes): 131072 Generated message size (symbols): 131072 GF exponent: 8
Glois Field GF(2^8) Generated Successfully
RMID took on Average 671812.68 nsec for 8-bit with 29694 iterations.  in total : 19948805 microseconds. 
DONE
System Temperature at END: 57.9 °C
Finished Benchmark: RMID-, vec_len=131072., Iter=29694
END:::===== 2026-02-12 16:25:55 =====
