System Temperature at START: 56.8 °C
START:::===== 2026-02-12 16:22:43 =====
Running RMID-8, vec_len=2048,Iter=1827462
========================================
Option: gf2_exp Value: 8
Option: id_code_type Value: RMID
Option: vec_len Value: 2048
Option: csv_file_path Value: ./
Option: data_type Value: random
Option: force Value: 
Option: gf2_exp Value: 
Option: id_code_type Value: 
Option: input_data Value: HelloWorld
Option: n_iter Value: 1827462
Option: rm_order Value: 1
Option: rs2_inner_tag_pos Value: 2
Option: tag_pos Value: 2
Option: vec_len Value: 
Vector Length (bytes): 2048 Generated message size (symbols): 2048 GF exponent: 8
Glois Field GF(2^8) Generated Successfully
RMID took on Average 10935.61 nsec for 8-bit with 1827462 iterations.  in total : 19984412 microseconds. 
DONE
System Temperature at END: 57.9 °C
Finished Benchmark: RMID-, vec_len=2048., Iter=1827462
END:::===== 2026-02-12 16:23:07 =====
