System Temperature at START: 56.8 °C
START:::===== 2026-02-12 16:24:35 =====
Running RMID-8, vec_len=32768,Iter=119559
========================================
Option: gf2_exp Value: 8
Option: id_code_type Value: RMID
Option: vec_len Value: 32768
Option: csv_file_path Value: ./
Option: data_type Value: random
Option: force Value: 
Option: gf2_exp Value: 
Option: id_code_type Value: 
Option: input_data Value: HelloWorld
Option: n_iter Value: 119559
Option: rm_order Value: 1
Option: rs2_inner_tag_pos Value: 2
Option: tag_pos Value: 2
Option: vec_len Value: 
Vector Length (bytes): 32768 Generated message size (symbols): 32768 GF exponent: 8
Glois Field GF(2^8) Generated Successfully
RMID took on Average 167079.69 nsec for 8-bit with 119559 iterations.  in total : 19975880 microseconds. 
DONE
System Temperature at END: 57.9 °C
Finished Benchmark: RMID-, vec_len=32768., Iter=119559
END:::===== 2026-02-12 16:24:59 =====
