System Temperature at START: 56.8 °C
START:::===== 2026-02-12 16:22:15 =====
Running RMID-8, vec_len=1024,Iter=3459854
========================================
Option: gf2_exp Value: 8
Option: id_code_type Value: RMID
Option: vec_len Value: 1024
Option: csv_file_path Value: ./
Option: data_type Value: random
Option: force Value: 
Option: gf2_exp Value: 
Option: id_code_type Value: 
Option: input_data Value: HelloWorld
Option: n_iter Value: 3459854
Option: rm_order Value: 1
Option: rs2_inner_tag_pos Value: 2
Option: tag_pos Value: 2
Option: vec_len Value: 
Vector Length (bytes): 1024 Generated message size (symbols): 1024 GF exponent: 8
Glois Field GF(2^8) Generated Successfully
RMID took on Average 5680.75 nsec for 8-bit with 3459854 iterations.  in total : 19654548 microseconds. 
DONE
System Temperature at END: 56.8 °C
Finished Benchmark: RMID-, vec_len=1024., Iter=3459854
END:::===== 2026-02-12 16:22:39 =====
