System Temperature at START: 55.1 °C
START:::===== 2026-02-12 16:20:52 =====
Running RMID-8, vec_len=128,Iter=15700312
========================================
Option: gf2_exp Value: 8
Option: id_code_type Value: RMID
Option: vec_len Value: 128
Option: csv_file_path Value: ./
Option: data_type Value: random
Option: force Value: 
Option: gf2_exp Value: 
Option: id_code_type Value: 
Option: input_data Value: HelloWorld
Option: n_iter Value: 15700312
Option: rm_order Value: 1
Option: rs2_inner_tag_pos Value: 2
Option: tag_pos Value: 2
Option: vec_len Value: 
Vector Length (bytes): 128 Generated message size (symbols): 128 GF exponent: 8
Glois Field GF(2^8) Generated Successfully
RMID took on Average 1246.47 nsec for 8-bit with 15700312 iterations.  in total : 19569904 microseconds. 
DONE
System Temperature at END: 56.2 °C
Finished Benchmark: RMID-, vec_len=128., Iter=15700312
END:::===== 2026-02-12 16:21:15 =====
