System Temperature at START: 56.8 °C
START:::===== 2026-02-12 16:23:11 =====
Running RMID-8, vec_len=4096,Iter=935570
========================================
Option: gf2_exp Value: 8
Option: id_code_type Value: RMID
Option: vec_len Value: 4096
Option: csv_file_path Value: ./
Option: data_type Value: random
Option: force Value: 
Option: gf2_exp Value: 
Option: id_code_type Value: 
Option: input_data Value: HelloWorld
Option: n_iter Value: 935570
Option: rm_order Value: 1
Option: rs2_inner_tag_pos Value: 2
Option: tag_pos Value: 2
Option: vec_len Value: 
Vector Length (bytes): 4096 Generated message size (symbols): 4096 GF exponent: 8
Glois Field GF(2^8) Generated Successfully
RMID took on Average 21399.42 nsec for 8-bit with 935570 iterations.  in total : 20020654 microseconds. 
DONE
System Temperature at END: 57.9 °C
Finished Benchmark: RMID-, vec_len=4096., Iter=935570
END:::===== 2026-02-12 16:23:35 =====
