System Temperature at START: 54.5 °C
START:::===== 2026-02-12 15:48:00 =====
Running RS2ID-32, vec_len=16384,Iter=112328
========================================
Option: gf2_exp Value: 32
Option: id_code_type Value: RS2ID
Option: vec_len Value: 16384
Option: csv_file_path Value: ./
Option: data_type Value: random
Option: force Value: 
Option: gf2_exp Value: 
Option: id_code_type Value: 
Option: input_data Value: HelloWorld
Option: n_iter Value: 112328
Option: rm_order Value: 1
Option: rs2_inner_tag_pos Value: 2
Option: tag_pos Value: 2
Option: vec_len Value: 
Vector Length (bytes): 16384 Generated message size (symbols): 4096 GF exponent: 32
Galois Field GF for Inner RS2ID (2^16) Generated Successfully
RS2ID took on Average 176733.42 nsec for 32-bit with 112328 iterations.  in total : 19852112 microseconds. 
DONE
System Temperature at END: 55.1 °C
Finished Benchmark: RS2ID-, vec_len=16384., Iter=112328
END:::===== 2026-02-12 15:48:24 =====
