System Temperature at START: 55.1 °C
START:::===== 2026-02-12 15:47:06 =====
Running RS2ID-32, vec_len=4096,Iter=607951
========================================
Option: gf2_exp Value: 32
Option: id_code_type Value: RS2ID
Option: vec_len Value: 4096
Option: csv_file_path Value: ./
Option: data_type Value: random
Option: force Value: 
Option: gf2_exp Value: 
Option: id_code_type Value: 
Option: input_data Value: HelloWorld
Option: n_iter Value: 607951
Option: rm_order Value: 1
Option: rs2_inner_tag_pos Value: 2
Option: tag_pos Value: 2
Option: vec_len Value: 
Vector Length (bytes): 4096 Generated message size (symbols): 1024 GF exponent: 32
Galois Field GF for Inner RS2ID (2^16) Generated Successfully
RS2ID took on Average 31294.96 nsec for 32-bit with 607951 iterations.  in total : 19025802 microseconds. 
DONE
System Temperature at END: 54.0 °C
Finished Benchmark: RS2ID-, vec_len=4096., Iter=607951
END:::===== 2026-02-12 15:47:29 =====
