System Temperature at START: 54.5 °C
START:::===== 2026-02-12 15:44:20 =====
Running RS2ID-32, vec_len=64,Iter=50327126
========================================
Option: gf2_exp Value: 32
Option: id_code_type Value: RS2ID
Option: vec_len Value: 64
Option: csv_file_path Value: ./
Option: data_type Value: random
Option: force Value: 
Option: gf2_exp Value: 
Option: id_code_type Value: 
Option: input_data Value: HelloWorld
Option: n_iter Value: 50327126
Option: rm_order Value: 1
Option: rs2_inner_tag_pos Value: 2
Option: tag_pos Value: 2
Option: vec_len Value: 
Vector Length (bytes): 64 Generated message size (symbols): 16 GF exponent: 32
Galois Field GF for Inner RS2ID (2^16) Generated Successfully
RS2ID took on Average 398.95 nsec for 32-bit with 50327126 iterations.  in total : 20077988 microseconds. 
DONE
System Temperature at END: 54.5 °C
Finished Benchmark: RS2ID-, vec_len=64., Iter=50327126
END:::===== 2026-02-12 15:44:44 =====
