System Temperature at START: 56.8 °C
START:::===== 2026-02-12 17:22:34 =====
Running PMHID-8, vec_len=1048576,Iter=75482
========================================
Option: gf2_exp Value: 8
Option: id_code_type Value: PMHID
Option: vec_len Value: 1048576
Option: csv_file_path Value: ./
Option: data_type Value: random
Option: force Value: 
Option: gf2_exp Value: 
Option: id_code_type Value: 
Option: input_data Value: HelloWorld
Option: n_iter Value: 75482
Option: rm_order Value: 1
Option: rs2_inner_tag_pos Value: 2
Option: tag_pos Value: 2
Option: vec_len Value: 
Vector Length (bytes): 1048576 Generated message size (symbols): 1048576 GF exponent: 8
PMHID took on Average 271249.34 nsec for 8-bit with 75482 iterations.  in total : 20474442 microseconds. 
DONE
System Temperature at END: 58.4 °C
Finished Benchmark: PMHID-, vec_len=1048576., Iter=75482
END:::===== 2026-02-12 17:22:59 =====
