System Temperature at START: 56.8 °C
START:::===== 2026-02-12 17:16:30 =====
Running PMHID-8, vec_len=64,Iter=267630135
========================================
Option: gf2_exp Value: 8
Option: id_code_type Value: PMHID
Option: vec_len Value: 64
Option: csv_file_path Value: ./
Option: data_type Value: random
Option: force Value: 
Option: gf2_exp Value: 
Option: id_code_type Value: 
Option: input_data Value: HelloWorld
Option: n_iter Value: 267630135
Option: rm_order Value: 1
Option: rs2_inner_tag_pos Value: 2
Option: tag_pos Value: 2
Option: vec_len Value: 
Vector Length (bytes): 64 Generated message size (symbols): 64 GF exponent: 8
PMHID took on Average 42.80 nsec for 8-bit with 267630135 iterations.  in total : 11454518 microseconds. 
DONE
System Temperature at END: 57.3 °C
Finished Benchmark: PMHID-, vec_len=64., Iter=267630135
END:::===== 2026-02-12 17:16:46 =====
