System Temperature at START: 56.8 °C
START:::===== 2026-02-12 17:18:24 =====
Running PMHID-8, vec_len=2048,Iter=35055124
========================================
Option: gf2_exp Value: 8
Option: id_code_type Value: PMHID
Option: vec_len Value: 2048
Option: csv_file_path Value: ./
Option: data_type Value: random
Option: force Value: 
Option: gf2_exp Value: 
Option: id_code_type Value: 
Option: input_data Value: HelloWorld
Option: n_iter Value: 35055124
Option: rm_order Value: 1
Option: rs2_inner_tag_pos Value: 2
Option: tag_pos Value: 2
Option: vec_len Value: 
Vector Length (bytes): 2048 Generated message size (symbols): 2048 GF exponent: 8
PMHID took on Average 543.25 nsec for 8-bit with 35055124 iterations.  in total : 19043755 microseconds. 
DONE
System Temperature at END: 56.8 °C
Finished Benchmark: PMHID-, vec_len=2048., Iter=35055124
END:::===== 2026-02-12 17:18:47 =====
