System Temperature at START: 56.2 °C
START:::===== 2026-02-12 17:17:33 =====
Running PMHID-8, vec_len=512,Iter=104536901
========================================
Option: gf2_exp Value: 8
Option: id_code_type Value: PMHID
Option: vec_len Value: 512
Option: csv_file_path Value: ./
Option: data_type Value: random
Option: force Value: 
Option: gf2_exp Value: 
Option: id_code_type Value: 
Option: input_data Value: HelloWorld
Option: n_iter Value: 104536901
Option: rm_order Value: 1
Option: rs2_inner_tag_pos Value: 2
Option: tag_pos Value: 2
Option: vec_len Value: 
Vector Length (bytes): 512 Generated message size (symbols): 512 GF exponent: 8
PMHID took on Average 159.03 nsec for 8-bit with 104536901 iterations.  in total : 16624930 microseconds. 
DONE
System Temperature at END: 56.8 °C
Finished Benchmark: PMHID-, vec_len=512., Iter=104536901
END:::===== 2026-02-12 17:17:54 =====
