System Temperature at START: 56.8 °C
START:::===== 2026-02-12 17:19:19 =====
Running PMHID-8, vec_len=8192,Iter=9259730
========================================
Option: gf2_exp Value: 8
Option: id_code_type Value: PMHID
Option: vec_len Value: 8192
Option: csv_file_path Value: ./
Option: data_type Value: random
Option: force Value: 
Option: gf2_exp Value: 
Option: id_code_type Value: 
Option: input_data Value: HelloWorld
Option: n_iter Value: 9259730
Option: rm_order Value: 1
Option: rs2_inner_tag_pos Value: 2
Option: tag_pos Value: 2
Option: vec_len Value: 
Vector Length (bytes): 8192 Generated message size (symbols): 8192 GF exponent: 8
PMHID took on Average 2071.37 nsec for 8-bit with 9259730 iterations.  in total : 19180336 microseconds. 
DONE
System Temperature at END: 56.8 °C
Finished Benchmark: PMHID-, vec_len=8192., Iter=9259730
END:::===== 2026-02-12 17:19:42 =====
