System Temperature at START: 56.8 °C
START:::===== 2026-02-12 17:20:42 =====
Running PMHID-8, vec_len=65536,Iter=1209343
========================================
Option: gf2_exp Value: 8
Option: id_code_type Value: PMHID
Option: vec_len Value: 65536
Option: csv_file_path Value: ./
Option: data_type Value: random
Option: force Value: 
Option: gf2_exp Value: 
Option: id_code_type Value: 
Option: input_data Value: HelloWorld
Option: n_iter Value: 1209343
Option: rm_order Value: 1
Option: rs2_inner_tag_pos Value: 2
Option: tag_pos Value: 2
Option: vec_len Value: 
Vector Length (bytes): 65536 Generated message size (symbols): 65536 GF exponent: 8
PMHID took on Average 16580.65 nsec for 8-bit with 1209343 iterations.  in total : 20051695 microseconds. 
DONE
System Temperature at END: 57.3 °C
Finished Benchmark: PMHID-, vec_len=65536., Iter=1209343
END:::===== 2026-02-12 17:21:06 =====
