System Temperature at START: 56.2 °C
START:::===== 2026-02-12 17:19:46 =====
Running PMHID-8, vec_len=16384,Iter=4827559
========================================
Option: gf2_exp Value: 8
Option: id_code_type Value: PMHID
Option: vec_len Value: 16384
Option: csv_file_path Value: ./
Option: data_type Value: random
Option: force Value: 
Option: gf2_exp Value: 
Option: id_code_type Value: 
Option: input_data Value: HelloWorld
Option: n_iter Value: 4827559
Option: rm_order Value: 1
Option: rs2_inner_tag_pos Value: 2
Option: tag_pos Value: 2
Option: vec_len Value: 
Vector Length (bytes): 16384 Generated message size (symbols): 16384 GF exponent: 8
PMHID took on Average 4222.56 nsec for 8-bit with 4827559 iterations.  in total : 20384655 microseconds. 
DONE
System Temperature at END: 56.2 °C
Finished Benchmark: PMHID-, vec_len=16384., Iter=4827559
END:::===== 2026-02-12 17:20:10 =====
