System Temperature at START: 56.2 °C
START:::===== 2026-02-12 17:20:14 =====
Running PMHID-8, vec_len=32768,Iter=2418066
========================================
Option: gf2_exp Value: 8
Option: id_code_type Value: PMHID
Option: vec_len Value: 32768
Option: csv_file_path Value: ./
Option: data_type Value: random
Option: force Value: 
Option: gf2_exp Value: 
Option: id_code_type Value: 
Option: input_data Value: HelloWorld
Option: n_iter Value: 2418066
Option: rm_order Value: 1
Option: rs2_inner_tag_pos Value: 2
Option: tag_pos Value: 2
Option: vec_len Value: 
Vector Length (bytes): 32768 Generated message size (symbols): 32768 GF exponent: 8
PMHID took on Average 8194.59 nsec for 8-bit with 2418066 iterations.  in total : 19815049 microseconds. 
DONE
System Temperature at END: 56.8 °C
Finished Benchmark: PMHID-, vec_len=32768., Iter=2418066
END:::===== 2026-02-12 17:20:38 =====
