System Temperature at START: 56.8 °C
START:::===== 2026-02-12 17:23:03 =====
Running PMHID-8, vec_len=2097152,Iter=37878
========================================
Option: gf2_exp Value: 8
Option: id_code_type Value: PMHID
Option: vec_len Value: 2097152
Option: csv_file_path Value: ./
Option: data_type Value: random
Option: force Value: 
Option: gf2_exp Value: 
Option: id_code_type Value: 
Option: input_data Value: HelloWorld
Option: n_iter Value: 37878
Option: rm_order Value: 1
Option: rs2_inner_tag_pos Value: 2
Option: tag_pos Value: 2
Option: vec_len Value: 
Vector Length (bytes): 2097152 Generated message size (symbols): 2097152 GF exponent: 8
PMHID took on Average 533156.95 nsec for 8-bit with 37878 iterations.  in total : 20194918 microseconds. 
DONE
System Temperature at END: 58.4 °C
Finished Benchmark: PMHID-, vec_len=2097152., Iter=37878
END:::===== 2026-02-12 17:23:27 =====
