System Temperature at START: 55.1 °C
START:::===== 2026-02-12 15:08:52 =====
Running RSID-64, vec_len=65536,Iter=32168
========================================
Option: gf2_exp Value: 64
Option: id_code_type Value: RSID
Option: vec_len Value: 65536
Option: csv_file_path Value: ./
Option: data_type Value: random
Option: force Value: 
Option: gf2_exp Value: 
Option: id_code_type Value: 
Option: input_data Value: HelloWorld
Option: n_iter Value: 32168
Option: rm_order Value: 1
Option: rs2_inner_tag_pos Value: 2
Option: tag_pos Value: 2
Option: vec_len Value: 
Vector Length (bytes): 65536 Generated message size (symbols): 8192 GF exponent: 64
RSID took on Average 620946.02 nsec for 64-bit with 32168 iterations.  in total : 19974591 microseconds. 
DONE
System Temperature at END: 55.1 °C
Finished Benchmark: RSID-, vec_len=65536., Iter=32168
END:::===== 2026-02-12 15:09:16 =====
