System Temperature at START: 55.6 °C
START:::===== 2026-02-12 15:05:38 =====
Running RSID-64, vec_len=512,Iter=11033387
========================================
Option: gf2_exp Value: 64
Option: id_code_type Value: RSID
Option: vec_len Value: 512
Option: csv_file_path Value: ./
Option: data_type Value: random
Option: force Value: 
Option: gf2_exp Value: 
Option: id_code_type Value: 
Option: input_data Value: HelloWorld
Option: n_iter Value: 11033387
Option: rm_order Value: 1
Option: rs2_inner_tag_pos Value: 2
Option: tag_pos Value: 2
Option: vec_len Value: 
Vector Length (bytes): 512 Generated message size (symbols): 64 GF exponent: 64
RSID took on Average 1811.61 nsec for 64-bit with 11033387 iterations.  in total : 19988198 microseconds. 
DONE
System Temperature at END: 55.1 °C
Finished Benchmark: RSID-, vec_len=512., Iter=11033387
END:::===== 2026-02-12 15:06:02 =====
