System Temperature at START: 55.1 °C
START:::===== 2026-02-12 15:08:24 =====
Running RSID-64, vec_len=32768,Iter=66813
========================================
Option: gf2_exp Value: 64
Option: id_code_type Value: RSID
Option: vec_len Value: 32768
Option: csv_file_path Value: ./
Option: data_type Value: random
Option: force Value: 
Option: gf2_exp Value: 
Option: id_code_type Value: 
Option: input_data Value: HelloWorld
Option: n_iter Value: 66813
Option: rm_order Value: 1
Option: rs2_inner_tag_pos Value: 2
Option: tag_pos Value: 2
Option: vec_len Value: 
Vector Length (bytes): 32768 Generated message size (symbols): 4096 GF exponent: 64
RSID took on Average 299901.70 nsec for 64-bit with 66813 iterations.  in total : 20037331 microseconds. 
DONE
System Temperature at END: 55.6 °C
Finished Benchmark: RSID-, vec_len=32768., Iter=66813
END:::===== 2026-02-12 15:08:48 =====
