System Temperature at START: 55.1 °C
START:::===== 2026-02-12 15:07:01 =====
Running RSID-64, vec_len=4096,Iter=746435
========================================
Option: gf2_exp Value: 64
Option: id_code_type Value: RSID
Option: vec_len Value: 4096
Option: csv_file_path Value: ./
Option: data_type Value: random
Option: force Value: 
Option: gf2_exp Value: 
Option: id_code_type Value: 
Option: input_data Value: HelloWorld
Option: n_iter Value: 746435
Option: rm_order Value: 1
Option: rs2_inner_tag_pos Value: 2
Option: tag_pos Value: 2
Option: vec_len Value: 
Vector Length (bytes): 4096 Generated message size (symbols): 512 GF exponent: 64
RSID took on Average 26109.73 nsec for 64-bit with 746435 iterations.  in total : 19489214 microseconds. 
DONE
System Temperature at END: 55.6 °C
Finished Benchmark: RSID-, vec_len=4096., Iter=746435
END:::===== 2026-02-12 15:07:25 =====
