System Temperature at START: 57.3 °C
START:::===== 2026-02-12 16:59:47 =====
Running RMID-64, vec_len=65536,Iter=1058269
========================================
Option: gf2_exp Value: 64
Option: id_code_type Value: RMID
Option: vec_len Value: 65536
Option: csv_file_path Value: ./
Option: data_type Value: random
Option: force Value: 
Option: gf2_exp Value: 
Option: id_code_type Value: 
Option: input_data Value: HelloWorld
Option: n_iter Value: 1058269
Option: rm_order Value: 1
Option: rs2_inner_tag_pos Value: 2
Option: tag_pos Value: 2
Option: vec_len Value: 
Vector Length (bytes): 65536 Generated message size (symbols): 8192 GF exponent: 64
RMID took on Average 18733.57 nsec for 64-bit with 1058269 iterations.  in total : 19825155 microseconds. 
DONE
System Temperature at END: 58.4 °C
Finished Benchmark: RMID-, vec_len=65536., Iter=1058269
END:::===== 2026-02-12 17:00:11 =====
