System Temperature at START: 55.6 °C
START:::===== 2026-02-12 16:55:11 =====
Running RMID-64, vec_len=64,Iter=15914443
========================================
Option: gf2_exp Value: 64
Option: id_code_type Value: RMID
Option: vec_len Value: 64
Option: csv_file_path Value: ./
Option: data_type Value: random
Option: force Value: 
Option: gf2_exp Value: 
Option: id_code_type Value: 
Option: input_data Value: HelloWorld
Option: n_iter Value: 15914443
Option: rm_order Value: 1
Option: rs2_inner_tag_pos Value: 2
Option: tag_pos Value: 2
Option: vec_len Value: 
Vector Length (bytes): 64 Generated message size (symbols): 8 GF exponent: 64
RMID took on Average 1225.19 nsec for 64-bit with 15914443 iterations.  in total : 19498210 microseconds. 
DONE
System Temperature at END: 57.9 °C
Finished Benchmark: RMID-, vec_len=64., Iter=15914443
END:::===== 2026-02-12 16:55:35 =====
