System Temperature at START: 57.3 °C
START:::===== 2026-02-12 16:59:19 =====
Running RMID-64, vec_len=32768,Iter=2005129
========================================
Option: gf2_exp Value: 64
Option: id_code_type Value: RMID
Option: vec_len Value: 32768
Option: csv_file_path Value: ./
Option: data_type Value: random
Option: force Value: 
Option: gf2_exp Value: 
Option: id_code_type Value: 
Option: input_data Value: HelloWorld
Option: n_iter Value: 2005129
Option: rm_order Value: 1
Option: rs2_inner_tag_pos Value: 2
Option: tag_pos Value: 2
Option: vec_len Value: 
Vector Length (bytes): 32768 Generated message size (symbols): 4096 GF exponent: 64
RMID took on Average 9911.11 nsec for 64-bit with 2005129 iterations.  in total : 19873052 microseconds. 
DONE
System Temperature at END: 57.9 °C
Finished Benchmark: RMID-, vec_len=32768., Iter=2005129
END:::===== 2026-02-12 16:59:43 =====
