System Temperature at START: 56.8 °C
START:::===== 2026-02-12 16:56:06 =====
Running RMID-64, vec_len=256,Iter=15780711
========================================
Option: gf2_exp Value: 64
Option: id_code_type Value: RMID
Option: vec_len Value: 256
Option: csv_file_path Value: ./
Option: data_type Value: random
Option: force Value: 
Option: gf2_exp Value: 
Option: id_code_type Value: 
Option: input_data Value: HelloWorld
Option: n_iter Value: 15780711
Option: rm_order Value: 1
Option: rs2_inner_tag_pos Value: 2
Option: tag_pos Value: 2
Option: vec_len Value: 
Vector Length (bytes): 256 Generated message size (symbols): 32 GF exponent: 64
RMID took on Average 1238.06 nsec for 64-bit with 15780711 iterations.  in total : 19537409 microseconds. 
DONE
System Temperature at END: 57.3 °C
Finished Benchmark: RMID-, vec_len=256., Iter=15780711
END:::===== 2026-02-12 16:56:30 =====
