System Temperature at START: 57.3 °C
START:::===== 2026-02-12 17:01:39 =====
Running RMID-64, vec_len=1048576,Iter=68615
========================================
Option: gf2_exp Value: 64
Option: id_code_type Value: RMID
Option: vec_len Value: 1048576
Option: csv_file_path Value: ./
Option: data_type Value: random
Option: force Value: 
Option: gf2_exp Value: 
Option: id_code_type Value: 
Option: input_data Value: HelloWorld
Option: n_iter Value: 68615
Option: rm_order Value: 1
Option: rs2_inner_tag_pos Value: 2
Option: tag_pos Value: 2
Option: vec_len Value: 
Vector Length (bytes): 1048576 Generated message size (symbols): 131072 GF exponent: 64
RMID took on Average 291499.45 nsec for 64-bit with 68615 iterations.  in total : 20001234 microseconds. 
DONE
System Temperature at END: 58.4 °C
Finished Benchmark: RMID-, vec_len=1048576., Iter=68615
END:::===== 2026-02-12 17:02:03 =====
