System Temperature at START: 56.8 °C
START:::===== 2026-02-12 16:58:24 =====
Running RMID-64, vec_len=8192,Iter=5993748
========================================
Option: gf2_exp Value: 64
Option: id_code_type Value: RMID
Option: vec_len Value: 8192
Option: csv_file_path Value: ./
Option: data_type Value: random
Option: force Value: 
Option: gf2_exp Value: 
Option: id_code_type Value: 
Option: input_data Value: HelloWorld
Option: n_iter Value: 5993748
Option: rm_order Value: 1
Option: rs2_inner_tag_pos Value: 2
Option: tag_pos Value: 2
Option: vec_len Value: 
Vector Length (bytes): 8192 Generated message size (symbols): 1024 GF exponent: 64
RMID took on Average 3293.97 nsec for 64-bit with 5993748 iterations.  in total : 19743234 microseconds. 
DONE
System Temperature at END: 57.9 °C
Finished Benchmark: RMID-, vec_len=8192., Iter=5993748
END:::===== 2026-02-12 16:58:48 =====
