System Temperature at START: 57.9 °C
START:::===== 2026-02-12 17:02:07 =====
Running RMID-64, vec_len=2097152,Iter=34020
========================================
Option: gf2_exp Value: 64
Option: id_code_type Value: RMID
Option: vec_len Value: 2097152
Option: csv_file_path Value: ./
Option: data_type Value: random
Option: force Value: 
Option: gf2_exp Value: 
Option: id_code_type Value: 
Option: input_data Value: HelloWorld
Option: n_iter Value: 34020
Option: rm_order Value: 1
Option: rs2_inner_tag_pos Value: 2
Option: tag_pos Value: 2
Option: vec_len Value: 
Vector Length (bytes): 2097152 Generated message size (symbols): 262144 GF exponent: 64
RMID took on Average 591927.32 nsec for 64-bit with 34020 iterations.  in total : 20137367 microseconds. 
DONE
System Temperature at END: 58.4 °C
Finished Benchmark: RMID-, vec_len=2097152., Iter=34020
END:::===== 2026-02-12 17:02:31 =====
