System Temperature at START: 56.8 °C
START:::===== 2026-02-12 16:57:29 =====
Running RMID-64, vec_len=2048,Iter=11870563
========================================
Option: gf2_exp Value: 64
Option: id_code_type Value: RMID
Option: vec_len Value: 2048
Option: csv_file_path Value: ./
Option: data_type Value: random
Option: force Value: 
Option: gf2_exp Value: 
Option: id_code_type Value: 
Option: input_data Value: HelloWorld
Option: n_iter Value: 11870563
Option: rm_order Value: 1
Option: rs2_inner_tag_pos Value: 2
Option: tag_pos Value: 2
Option: vec_len Value: 
Vector Length (bytes): 2048 Generated message size (symbols): 256 GF exponent: 64
RMID took on Average 1648.44 nsec for 64-bit with 11870563 iterations.  in total : 19567860 microseconds. 
DONE
System Temperature at END: 57.3 °C
Finished Benchmark: RMID-, vec_len=2048., Iter=11870563
END:::===== 2026-02-12 16:57:52 =====
