System Temperature at START: 56.8 °C
START:::===== 2026-02-12 16:57:56 =====
Running RMID-64, vec_len=4096,Iter=8919452
========================================
Option: gf2_exp Value: 64
Option: id_code_type Value: RMID
Option: vec_len Value: 4096
Option: csv_file_path Value: ./
Option: data_type Value: random
Option: force Value: 
Option: gf2_exp Value: 
Option: id_code_type Value: 
Option: input_data Value: HelloWorld
Option: n_iter Value: 8919452
Option: rm_order Value: 1
Option: rs2_inner_tag_pos Value: 2
Option: tag_pos Value: 2
Option: vec_len Value: 
Vector Length (bytes): 4096 Generated message size (symbols): 512 GF exponent: 64
RMID took on Average 2196.80 nsec for 64-bit with 8919452 iterations.  in total : 19594210 microseconds. 
DONE
System Temperature at END: 57.9 °C
Finished Benchmark: RMID-, vec_len=4096., Iter=8919452
END:::===== 2026-02-12 16:58:20 =====
