System Temperature at START: 57.3 °C
START:::===== 2026-02-12 16:58:52 =====
Running RMID-64, vec_len=16384,Iter=3603227
========================================
Option: gf2_exp Value: 64
Option: id_code_type Value: RMID
Option: vec_len Value: 16384
Option: csv_file_path Value: ./
Option: data_type Value: random
Option: force Value: 
Option: gf2_exp Value: 
Option: id_code_type Value: 
Option: input_data Value: HelloWorld
Option: n_iter Value: 3603227
Option: rm_order Value: 1
Option: rs2_inner_tag_pos Value: 2
Option: tag_pos Value: 2
Option: vec_len Value: 
Vector Length (bytes): 16384 Generated message size (symbols): 2048 GF exponent: 64
RMID took on Average 5486.57 nsec for 64-bit with 3603227 iterations.  in total : 19769351 microseconds. 
DONE
System Temperature at END: 57.9 °C
Finished Benchmark: RMID-, vec_len=16384., Iter=3603227
END:::===== 2026-02-12 16:59:15 =====
