System Temperature at START: 56.8 °C
START:::===== 2026-02-12 16:43:53 =====
Running RMID-32, vec_len=32,Iter=22542577
========================================
Option: gf2_exp Value: 32
Option: id_code_type Value: RMID
Option: vec_len Value: 32
Option: csv_file_path Value: ./
Option: data_type Value: random
Option: force Value: 
Option: gf2_exp Value: 
Option: id_code_type Value: 
Option: input_data Value: HelloWorld
Option: n_iter Value: 22542577
Option: rm_order Value: 1
Option: rs2_inner_tag_pos Value: 2
Option: tag_pos Value: 2
Option: vec_len Value: 
Vector Length (bytes): 32 Generated message size (symbols): 8 GF exponent: 32
RMID took on Average 848.38 nsec for 32-bit with 22542577 iterations.  in total : 19124630 microseconds. 
DONE
System Temperature at END: 57.9 °C
Finished Benchmark: RMID-, vec_len=32., Iter=22542577
END:::===== 2026-02-12 16:44:16 =====
