System Temperature at START: 56.8 °C
START:::===== 2026-02-12 16:44:48 =====
Running RMID-32, vec_len=128,Iter=22656214
========================================
Option: gf2_exp Value: 32
Option: id_code_type Value: RMID
Option: vec_len Value: 128
Option: csv_file_path Value: ./
Option: data_type Value: random
Option: force Value: 
Option: gf2_exp Value: 
Option: id_code_type Value: 
Option: input_data Value: HelloWorld
Option: n_iter Value: 22656214
Option: rm_order Value: 1
Option: rs2_inner_tag_pos Value: 2
Option: tag_pos Value: 2
Option: vec_len Value: 
Vector Length (bytes): 128 Generated message size (symbols): 32 GF exponent: 32
RMID took on Average 859.54 nsec for 32-bit with 22656214 iterations.  in total : 19473945 microseconds. 
DONE
System Temperature at END: 57.9 °C
Finished Benchmark: RMID-, vec_len=128., Iter=22656214
END:::===== 2026-02-12 16:45:11 =====
