System Temperature at START: 57.9 °C
START:::===== 2026-02-12 16:49:54 =====
Running RMID-32, vec_len=262144,Iter=117656
========================================
Option: gf2_exp Value: 32
Option: id_code_type Value: RMID
Option: vec_len Value: 262144
Option: csv_file_path Value: ./
Option: data_type Value: random
Option: force Value: 
Option: gf2_exp Value: 
Option: id_code_type Value: 
Option: input_data Value: HelloWorld
Option: n_iter Value: 117656
Option: rm_order Value: 1
Option: rs2_inner_tag_pos Value: 2
Option: tag_pos Value: 2
Option: vec_len Value: 
Vector Length (bytes): 262144 Generated message size (symbols): 65536 GF exponent: 32
RMID took on Average 169604.20 nsec for 32-bit with 117656 iterations.  in total : 19954951 microseconds. 
DONE
System Temperature at END: 57.9 °C
Finished Benchmark: RMID-, vec_len=262144., Iter=117656
END:::===== 2026-02-12 16:50:18 =====
