System Temperature at START: 56.8 °C
START:::===== 2026-02-12 16:45:43 =====
Running RMID-32, vec_len=512,Iter=17727196
========================================
Option: gf2_exp Value: 32
Option: id_code_type Value: RMID
Option: vec_len Value: 512
Option: csv_file_path Value: ./
Option: data_type Value: random
Option: force Value: 
Option: gf2_exp Value: 
Option: id_code_type Value: 
Option: input_data Value: HelloWorld
Option: n_iter Value: 17727196
Option: rm_order Value: 1
Option: rs2_inner_tag_pos Value: 2
Option: tag_pos Value: 2
Option: vec_len Value: 
Vector Length (bytes): 512 Generated message size (symbols): 128 GF exponent: 32
RMID took on Average 1099.63 nsec for 32-bit with 17727196 iterations.  in total : 19493317 microseconds. 
DONE
System Temperature at END: 57.9 °C
Finished Benchmark: RMID-, vec_len=512., Iter=17727196
END:::===== 2026-02-12 16:46:06 =====
