System Temperature at START: 56.8 °C
START:::===== 2026-02-12 16:47:33 =====
Running RMID-32, vec_len=8192,Iter=3324760
========================================
Option: gf2_exp Value: 32
Option: id_code_type Value: RMID
Option: vec_len Value: 8192
Option: csv_file_path Value: ./
Option: data_type Value: random
Option: force Value: 
Option: gf2_exp Value: 
Option: id_code_type Value: 
Option: input_data Value: HelloWorld
Option: n_iter Value: 3324760
Option: rm_order Value: 1
Option: rs2_inner_tag_pos Value: 2
Option: tag_pos Value: 2
Option: vec_len Value: 
Vector Length (bytes): 8192 Generated message size (symbols): 2048 GF exponent: 32
RMID took on Average 6061.73 nsec for 32-bit with 3324760 iterations.  in total : 20153806 microseconds. 
DONE
System Temperature at END: 57.9 °C
Finished Benchmark: RMID-, vec_len=8192., Iter=3324760
END:::===== 2026-02-12 16:47:58 =====
