System Temperature at START: 57.3 °C
START:::===== 2026-02-12 16:51:18 =====
Running RMID-32, vec_len=2097152,Iter=14577
========================================
Option: gf2_exp Value: 32
Option: id_code_type Value: RMID
Option: vec_len Value: 2097152
Option: csv_file_path Value: ./
Option: data_type Value: random
Option: force Value: 
Option: gf2_exp Value: 
Option: id_code_type Value: 
Option: input_data Value: HelloWorld
Option: n_iter Value: 14577
Option: rm_order Value: 1
Option: rs2_inner_tag_pos Value: 2
Option: tag_pos Value: 2
Option: vec_len Value: 
Vector Length (bytes): 2097152 Generated message size (symbols): 524288 GF exponent: 32
RMID took on Average 1371472.82 nsec for 32-bit with 14577 iterations.  in total : 19991959 microseconds. 
DONE
System Temperature at END: 58.4 °C
Finished Benchmark: RMID-, vec_len=2097152., Iter=14577
END:::===== 2026-02-12 16:51:42 =====
