System Temperature at START: 56.8 °C
START:::===== 2026-02-12 16:50:22 =====
Running RMID-32, vec_len=524288,Iter=58793
========================================
Option: gf2_exp Value: 32
Option: id_code_type Value: RMID
Option: vec_len Value: 524288
Option: csv_file_path Value: ./
Option: data_type Value: random
Option: force Value: 
Option: gf2_exp Value: 
Option: id_code_type Value: 
Option: input_data Value: HelloWorld
Option: n_iter Value: 58793
Option: rm_order Value: 1
Option: rs2_inner_tag_pos Value: 2
Option: tag_pos Value: 2
Option: vec_len Value: 
Vector Length (bytes): 524288 Generated message size (symbols): 131072 GF exponent: 32
RMID took on Average 340424.03 nsec for 32-bit with 58793 iterations.  in total : 20014550 microseconds. 
DONE
System Temperature at END: 58.4 °C
Finished Benchmark: RMID-, vec_len=524288., Iter=58793
END:::===== 2026-02-12 16:50:46 =====
