System Temperature at START: 57.3 °C
START:::===== 2026-02-12 16:50:50 =====
Running RMID-32, vec_len=1048576,Iter=29355
========================================
Option: gf2_exp Value: 32
Option: id_code_type Value: RMID
Option: vec_len Value: 1048576
Option: csv_file_path Value: ./
Option: data_type Value: random
Option: force Value: 
Option: gf2_exp Value: 
Option: id_code_type Value: 
Option: input_data Value: HelloWorld
Option: n_iter Value: 29355
Option: rm_order Value: 1
Option: rs2_inner_tag_pos Value: 2
Option: tag_pos Value: 2
Option: vec_len Value: 
Vector Length (bytes): 1048576 Generated message size (symbols): 262144 GF exponent: 32
RMID took on Average 681146.08 nsec for 32-bit with 29355 iterations.  in total : 19995043 microseconds. 
DONE
System Temperature at END: 58.4 °C
Finished Benchmark: RMID-, vec_len=1048576., Iter=29355
END:::===== 2026-02-12 16:51:14 =====
