System Temperature at START: 56.2 °C
START:::===== 2026-02-12 16:44:20 =====
Running RMID-32, vec_len=64,Iter=22722108
========================================
Option: gf2_exp Value: 32
Option: id_code_type Value: RMID
Option: vec_len Value: 64
Option: csv_file_path Value: ./
Option: data_type Value: random
Option: force Value: 
Option: gf2_exp Value: 
Option: id_code_type Value: 
Option: input_data Value: HelloWorld
Option: n_iter Value: 22722108
Option: rm_order Value: 1
Option: rs2_inner_tag_pos Value: 2
Option: tag_pos Value: 2
Option: vec_len Value: 
Vector Length (bytes): 64 Generated message size (symbols): 16 GF exponent: 32
RMID took on Average 857.68 nsec for 32-bit with 22722108 iterations.  in total : 19488328 microseconds. 
DONE
System Temperature at END: 57.9 °C
Finished Benchmark: RMID-, vec_len=64., Iter=22722108
END:::===== 2026-02-12 16:44:44 =====
