System Temperature at START: 56.2 °C
START:::===== 2026-02-12 18:00:45 =====
Running PMHID-16, vec_len=512,Iter=162879713
========================================
Option: gf2_exp Value: 16
Option: id_code_type Value: PMHID
Option: vec_len Value: 512
Option: csv_file_path Value: ./
Option: data_type Value: random
Option: force Value: 
Option: gf2_exp Value: 
Option: id_code_type Value: 
Option: input_data Value: HelloWorld
Option: n_iter Value: 162879713
Option: rm_order Value: 1
Option: rs2_inner_tag_pos Value: 2
Option: tag_pos Value: 2
Option: vec_len Value: 
Vector Length (bytes): 512 Generated message size (symbols): 256 GF exponent: 16
PMHID took on Average 91.95 nsec for 16-bit with 162879713 iterations.  in total : 14976489 microseconds. 
DONE
System Temperature at END: 56.2 °C
Finished Benchmark: PMHID-, vec_len=512., Iter=162879713
END:::===== 2026-02-12 18:01:04 =====
