System Temperature at START: 56.2 °C
START:::===== 2026-02-12 18:00:24 =====
Running PMHID-16, vec_len=256,Iter=212201591
========================================
Option: gf2_exp Value: 16
Option: id_code_type Value: PMHID
Option: vec_len Value: 256
Option: csv_file_path Value: ./
Option: data_type Value: random
Option: force Value: 
Option: gf2_exp Value: 
Option: id_code_type Value: 
Option: input_data Value: HelloWorld
Option: n_iter Value: 212201591
Option: rm_order Value: 1
Option: rs2_inner_tag_pos Value: 2
Option: tag_pos Value: 2
Option: vec_len Value: 
Vector Length (bytes): 256 Generated message size (symbols): 128 GF exponent: 16
PMHID took on Average 61.13 nsec for 16-bit with 212201591 iterations.  in total : 12972449 microseconds. 
DONE
System Temperature at END: 56.8 °C
Finished Benchmark: PMHID-, vec_len=256., Iter=212201591
END:::===== 2026-02-12 18:00:41 =====
