System Temperature at START: 55.6 °C
START:::===== 2026-02-12 18:05:12 =====
Running PMHID-16, vec_len=524288,Iter=302960
========================================
Option: gf2_exp Value: 16
Option: id_code_type Value: PMHID
Option: vec_len Value: 524288
Option: csv_file_path Value: ./
Option: data_type Value: random
Option: force Value: 
Option: gf2_exp Value: 
Option: id_code_type Value: 
Option: input_data Value: HelloWorld
Option: n_iter Value: 302960
Option: rm_order Value: 1
Option: rs2_inner_tag_pos Value: 2
Option: tag_pos Value: 2
Option: vec_len Value: 
Vector Length (bytes): 524288 Generated message size (symbols): 262144 GF exponent: 16
PMHID took on Average 65976.59 nsec for 16-bit with 302960 iterations.  in total : 19988268 microseconds. 
DONE
System Temperature at END: 56.8 °C
Finished Benchmark: PMHID-, vec_len=524288., Iter=302960
END:::===== 2026-02-12 18:05:36 =====
