System Temperature at START: 56.8 °C
START:::===== 2026-02-12 18:05:40 =====
Running PMHID-16, vec_len=1048576,Iter=151471
========================================
Option: gf2_exp Value: 16
Option: id_code_type Value: PMHID
Option: vec_len Value: 1048576
Option: csv_file_path Value: ./
Option: data_type Value: random
Option: force Value: 
Option: gf2_exp Value: 
Option: id_code_type Value: 
Option: input_data Value: HelloWorld
Option: n_iter Value: 151471
Option: rm_order Value: 1
Option: rs2_inner_tag_pos Value: 2
Option: tag_pos Value: 2
Option: vec_len Value: 
Vector Length (bytes): 1048576 Generated message size (symbols): 524288 GF exponent: 16
PMHID took on Average 132006.79 nsec for 16-bit with 151471 iterations.  in total : 19995200 microseconds. 
DONE
System Temperature at END: 57.9 °C
Finished Benchmark: PMHID-, vec_len=1048576., Iter=151471
END:::===== 2026-02-12 18:06:04 =====
