System Temperature at START: 56.2 °C
START:::===== 2026-02-12 18:01:33 =====
Running PMHID-16, vec_len=2048,Iter=59844404
========================================
Option: gf2_exp Value: 16
Option: id_code_type Value: PMHID
Option: vec_len Value: 2048
Option: csv_file_path Value: ./
Option: data_type Value: random
Option: force Value: 
Option: gf2_exp Value: 
Option: id_code_type Value: 
Option: input_data Value: HelloWorld
Option: n_iter Value: 59844404
Option: rm_order Value: 1
Option: rs2_inner_tag_pos Value: 2
Option: tag_pos Value: 2
Option: vec_len Value: 
Vector Length (bytes): 2048 Generated message size (symbols): 1024 GF exponent: 16
PMHID took on Average 282.25 nsec for 16-bit with 59844404 iterations.  in total : 16890804 microseconds. 
DONE
System Temperature at END: 56.2 °C
Finished Benchmark: PMHID-, vec_len=2048., Iter=59844404
END:::===== 2026-02-12 18:01:54 =====
