System Temperature at START: 57.9 °C
START:::===== 2026-02-12 18:06:08 =====
Running PMHID-16, vec_len=2097152,Iter=75475
========================================
Option: gf2_exp Value: 16
Option: id_code_type Value: PMHID
Option: vec_len Value: 2097152
Option: csv_file_path Value: ./
Option: data_type Value: random
Option: force Value: 
Option: gf2_exp Value: 
Option: id_code_type Value: 
Option: input_data Value: HelloWorld
Option: n_iter Value: 75475
Option: rm_order Value: 1
Option: rs2_inner_tag_pos Value: 2
Option: tag_pos Value: 2
Option: vec_len Value: 
Vector Length (bytes): 2097152 Generated message size (symbols): 1048576 GF exponent: 16
PMHID took on Average 266510.28 nsec for 16-bit with 75475 iterations.  in total : 20114863 microseconds. 
DONE
System Temperature at END: 57.9 °C
Finished Benchmark: PMHID-, vec_len=2097152., Iter=75475
END:::===== 2026-02-12 18:06:32 =====
