System Temperature at START: 56.2 °C
START:::===== 2026-02-12 18:02:25 =====
Running PMHID-16, vec_len=8192,Iter=18268009
========================================
Option: gf2_exp Value: 16
Option: id_code_type Value: PMHID
Option: vec_len Value: 8192
Option: csv_file_path Value: ./
Option: data_type Value: random
Option: force Value: 
Option: gf2_exp Value: 
Option: id_code_type Value: 
Option: input_data Value: HelloWorld
Option: n_iter Value: 18268009
Option: rm_order Value: 1
Option: rs2_inner_tag_pos Value: 2
Option: tag_pos Value: 2
Option: vec_len Value: 
Vector Length (bytes): 8192 Generated message size (symbols): 4096 GF exponent: 16
PMHID took on Average 1061.05 nsec for 16-bit with 18268009 iterations.  in total : 19383224 microseconds. 
DONE
System Temperature at END: 57.3 °C
Finished Benchmark: PMHID-, vec_len=8192., Iter=18268009
END:::===== 2026-02-12 18:02:48 =====
