System Temperature at START: 55.6 °C
START:::===== 2026-02-12 18:02:52 =====
Running PMHID-16, vec_len=16384,Iter=9416062
========================================
Option: gf2_exp Value: 16
Option: id_code_type Value: PMHID
Option: vec_len Value: 16384
Option: csv_file_path Value: ./
Option: data_type Value: random
Option: force Value: 
Option: gf2_exp Value: 
Option: id_code_type Value: 
Option: input_data Value: HelloWorld
Option: n_iter Value: 9416062
Option: rm_order Value: 1
Option: rs2_inner_tag_pos Value: 2
Option: tag_pos Value: 2
Option: vec_len Value: 
Vector Length (bytes): 16384 Generated message size (symbols): 8192 GF exponent: 16
PMHID took on Average 2126.99 nsec for 16-bit with 9416062 iterations.  in total : 20027823 microseconds. 
DONE
System Temperature at END: 56.8 °C
Finished Benchmark: PMHID-, vec_len=16384., Iter=9416062
END:::===== 2026-02-12 18:03:16 =====
