System Temperature at START: 56.2 °C
START:::===== 2026-02-12 18:04:16 =====
Running PMHID-16, vec_len=131072,Iter=1216545
========================================
Option: gf2_exp Value: 16
Option: id_code_type Value: PMHID
Option: vec_len Value: 131072
Option: csv_file_path Value: ./
Option: data_type Value: random
Option: force Value: 
Option: gf2_exp Value: 
Option: id_code_type Value: 
Option: input_data Value: HelloWorld
Option: n_iter Value: 1216545
Option: rm_order Value: 1
Option: rs2_inner_tag_pos Value: 2
Option: tag_pos Value: 2
Option: vec_len Value: 
Vector Length (bytes): 131072 Generated message size (symbols): 65536 GF exponent: 16
PMHID took on Average 16417.62 nsec for 16-bit with 1216545 iterations.  in total : 19972771 microseconds. 
DONE
System Temperature at END: 58.4 °C
Finished Benchmark: PMHID-, vec_len=131072., Iter=1216545
END:::===== 2026-02-12 18:04:40 =====
