System Temperature at START: 56.2 °C
START:::===== 2026-02-12 18:01:58 =====
Running PMHID-16, vec_len=4096,Iter=34766283
========================================
Option: gf2_exp Value: 16
Option: id_code_type Value: PMHID
Option: vec_len Value: 4096
Option: csv_file_path Value: ./
Option: data_type Value: random
Option: force Value: 
Option: gf2_exp Value: 
Option: id_code_type Value: 
Option: input_data Value: HelloWorld
Option: n_iter Value: 34766283
Option: rm_order Value: 1
Option: rs2_inner_tag_pos Value: 2
Option: tag_pos Value: 2
Option: vec_len Value: 
Vector Length (bytes): 4096 Generated message size (symbols): 2048 GF exponent: 16
PMHID took on Average 543.04 nsec for 16-bit with 34766283 iterations.  in total : 18879317 microseconds. 
DONE
System Temperature at END: 56.8 °C
Finished Benchmark: PMHID-, vec_len=4096., Iter=34766283
END:::===== 2026-02-12 18:02:21 =====
