System Temperature at START: 56.2 °C
START:::===== 2026-02-12 18:03:20 =====
Running PMHID-16, vec_len=32768,Iter=4802762
========================================
Option: gf2_exp Value: 16
Option: id_code_type Value: PMHID
Option: vec_len Value: 32768
Option: csv_file_path Value: ./
Option: data_type Value: random
Option: force Value: 
Option: gf2_exp Value: 
Option: id_code_type Value: 
Option: input_data Value: HelloWorld
Option: n_iter Value: 4802762
Option: rm_order Value: 1
Option: rs2_inner_tag_pos Value: 2
Option: tag_pos Value: 2
Option: vec_len Value: 
Vector Length (bytes): 32768 Generated message size (symbols): 16384 GF exponent: 16
PMHID took on Average 4152.35 nsec for 16-bit with 4802762 iterations.  in total : 19942771 microseconds. 
DONE
System Temperature at END: 57.3 °C
Finished Benchmark: PMHID-, vec_len=32768., Iter=4802762
END:::===== 2026-02-12 18:03:44 =====
