System Temperature at START: 56.2 °C
START:::===== 2026-02-12 17:08:36 =====
Running SHA256ID-8, vec_len=4096,Iter=2813006
========================================
Option: gf2_exp Value: 8
Option: id_code_type Value: SHA256ID
Option: vec_len Value: 4096
Option: csv_file_path Value: ./
Option: data_type Value: random
Option: force Value: 
Option: gf2_exp Value: 
Option: id_code_type Value: 
Option: input_data Value: HelloWorld
Option: n_iter Value: 2813006
Option: rm_order Value: 1
Option: rs2_inner_tag_pos Value: 2
Option: tag_pos Value: 2
Option: vec_len Value: 
Vector Length (bytes): 4096 Generated message size (symbols): 4096 GF exponent: 8
SHA256ID took on Average 7052.24 nsec for 8-bit with 2813006 iterations.  in total : 19837980 microseconds. 
DONE
System Temperature at END: 58.4 °C
Finished Benchmark: SHA256ID-, vec_len=4096., Iter=2813006
END:::===== 2026-02-12 17:09:00 =====
