System Temperature at START: 57.3 °C
START:::===== 2026-02-12 17:11:23 =====
Running SHA256ID-8, vec_len=262144,Iter=114052
========================================
Option: gf2_exp Value: 8
Option: id_code_type Value: SHA256ID
Option: vec_len Value: 262144
Option: csv_file_path Value: ./
Option: data_type Value: random
Option: force Value: 
Option: gf2_exp Value: 
Option: id_code_type Value: 
Option: input_data Value: HelloWorld
Option: n_iter Value: 114052
Option: rm_order Value: 1
Option: rs2_inner_tag_pos Value: 2
Option: tag_pos Value: 2
Option: vec_len Value: 
Vector Length (bytes): 262144 Generated message size (symbols): 262144 GF exponent: 8
SHA256ID took on Average 175182.70 nsec for 8-bit with 114052 iterations.  in total : 19979937 microseconds. 
DONE
System Temperature at END: 58.4 °C
Finished Benchmark: SHA256ID-, vec_len=262144., Iter=114052
END:::===== 2026-02-12 17:11:47 =====
