System Temperature at START: 57.3 °C
START:::===== 2026-02-12 17:05:51 =====
Running SHA256ID-8, vec_len=64,Iter=4574868
========================================
Option: gf2_exp Value: 8
Option: id_code_type Value: SHA256ID
Option: vec_len Value: 64
Option: csv_file_path Value: ./
Option: data_type Value: random
Option: force Value: 
Option: gf2_exp Value: 
Option: id_code_type Value: 
Option: input_data Value: HelloWorld
Option: n_iter Value: 4574868
Option: rm_order Value: 1
Option: rs2_inner_tag_pos Value: 2
Option: tag_pos Value: 2
Option: vec_len Value: 
Vector Length (bytes): 64 Generated message size (symbols): 64 GF exponent: 8
SHA256ID took on Average 4266.15 nsec for 8-bit with 4574868 iterations.  in total : 19517095 microseconds. 
DONE
System Temperature at END: 57.3 °C
Finished Benchmark: SHA256ID-, vec_len=64., Iter=4574868
END:::===== 2026-02-12 17:06:15 =====
