System Temperature at START: 57.3 °C
START:::===== 2026-02-12 17:11:51 =====
Running SHA256ID-8, vec_len=524288,Iter=57758
========================================
Option: gf2_exp Value: 8
Option: id_code_type Value: SHA256ID
Option: vec_len Value: 524288
Option: csv_file_path Value: ./
Option: data_type Value: random
Option: force Value: 
Option: gf2_exp Value: 
Option: id_code_type Value: 
Option: input_data Value: HelloWorld
Option: n_iter Value: 57758
Option: rm_order Value: 1
Option: rs2_inner_tag_pos Value: 2
Option: tag_pos Value: 2
Option: vec_len Value: 
Vector Length (bytes): 524288 Generated message size (symbols): 524288 GF exponent: 8
SHA256ID took on Average 346230.92 nsec for 8-bit with 57758 iterations.  in total : 19997605 microseconds. 
DONE
System Temperature at END: 57.9 °C
Finished Benchmark: SHA256ID-, vec_len=524288., Iter=57758
END:::===== 2026-02-12 17:12:15 =====
