System Temperature at START: 56.8 °C
START:::===== 2026-02-12 17:07:13 =====
Running SHA256ID-8, vec_len=512,Iter=4343133
========================================
Option: gf2_exp Value: 8
Option: id_code_type Value: SHA256ID
Option: vec_len Value: 512
Option: csv_file_path Value: ./
Option: data_type Value: random
Option: force Value: 
Option: gf2_exp Value: 
Option: id_code_type Value: 
Option: input_data Value: HelloWorld
Option: n_iter Value: 4343133
Option: rm_order Value: 1
Option: rs2_inner_tag_pos Value: 2
Option: tag_pos Value: 2
Option: vec_len Value: 
Vector Length (bytes): 512 Generated message size (symbols): 512 GF exponent: 8
SHA256ID took on Average 4480.56 nsec for 8-bit with 4343133 iterations.  in total : 19459663 microseconds. 
DONE
System Temperature at END: 57.9 °C
Finished Benchmark: SHA256ID-, vec_len=512., Iter=4343133
END:::===== 2026-02-12 17:07:37 =====
