System Temperature at START: 57.9 °C
START:::===== 2026-02-12 17:10:55 =====
Running SHA256ID-8, vec_len=131072,Iter=222251
========================================
Option: gf2_exp Value: 8
Option: id_code_type Value: SHA256ID
Option: vec_len Value: 131072
Option: csv_file_path Value: ./
Option: data_type Value: random
Option: force Value: 
Option: gf2_exp Value: 
Option: id_code_type Value: 
Option: input_data Value: HelloWorld
Option: n_iter Value: 222251
Option: rm_order Value: 1
Option: rs2_inner_tag_pos Value: 2
Option: tag_pos Value: 2
Option: vec_len Value: 
Vector Length (bytes): 131072 Generated message size (symbols): 131072 GF exponent: 8
SHA256ID took on Average 89721.91 nsec for 8-bit with 222251 iterations.  in total : 19940784 microseconds. 
DONE
System Temperature at END: 57.9 °C
Finished Benchmark: SHA256ID-, vec_len=131072., Iter=222251
END:::===== 2026-02-12 17:11:19 =====
