System Temperature at START: 58.4 °C
START:::===== 2026-02-12 17:09:32 =====
Running SHA256ID-8, vec_len=16384,Iter=1311331
========================================
Option: gf2_exp Value: 8
Option: id_code_type Value: SHA256ID
Option: vec_len Value: 16384
Option: csv_file_path Value: ./
Option: data_type Value: random
Option: force Value: 
Option: gf2_exp Value: 
Option: id_code_type Value: 
Option: input_data Value: HelloWorld
Option: n_iter Value: 1311331
Option: rm_order Value: 1
Option: rs2_inner_tag_pos Value: 2
Option: tag_pos Value: 2
Option: vec_len Value: 
Vector Length (bytes): 16384 Generated message size (symbols): 16384 GF exponent: 8
SHA256ID took on Average 14952.36 nsec for 8-bit with 1311331 iterations.  in total : 19607497 microseconds. 
DONE
System Temperature at END: 57.3 °C
Finished Benchmark: SHA256ID-, vec_len=16384., Iter=1311331
END:::===== 2026-02-12 17:09:55 =====
