System Temperature at START: 55.6 °C
START:::===== 2026-02-12 18:12:45 =====
Running PMHID-32, vec_len=65536,Iter=4700717
========================================
Option: gf2_exp Value: 32
Option: id_code_type Value: PMHID
Option: vec_len Value: 65536
Option: csv_file_path Value: ./
Option: data_type Value: random
Option: force Value: 
Option: gf2_exp Value: 
Option: id_code_type Value: 
Option: input_data Value: HelloWorld
Option: n_iter Value: 4700717
Option: rm_order Value: 1
Option: rs2_inner_tag_pos Value: 2
Option: tag_pos Value: 2
Option: vec_len Value: 
Vector Length (bytes): 65536 Generated message size (symbols): 16384 GF exponent: 32
PMHID took on Average 4222.18 nsec for 32-bit with 4700717 iterations.  in total : 19847294 microseconds. 
DONE
System Temperature at END: 56.2 °C
Finished Benchmark: PMHID-, vec_len=65536., Iter=4700717
END:::===== 2026-02-12 18:13:08 =====
