System Temperature at START: 55.6 °C
START:::===== 2026-02-12 18:10:09 =====
Running PMHID-32, vec_len=1024,Iter=162879713
========================================
Option: gf2_exp Value: 32
Option: id_code_type Value: PMHID
Option: vec_len Value: 1024
Option: csv_file_path Value: ./
Option: data_type Value: random
Option: force Value: 
Option: gf2_exp Value: 
Option: id_code_type Value: 
Option: input_data Value: HelloWorld
Option: n_iter Value: 162879713
Option: rm_order Value: 1
Option: rs2_inner_tag_pos Value: 2
Option: tag_pos Value: 2
Option: vec_len Value: 
Vector Length (bytes): 1024 Generated message size (symbols): 256 GF exponent: 32
PMHID took on Average 91.42 nsec for 32-bit with 162879713 iterations.  in total : 14890572 microseconds. 
DONE
System Temperature at END: 56.2 °C
Finished Benchmark: PMHID-, vec_len=1024., Iter=162879713
END:::===== 2026-02-12 18:10:28 =====
