System Temperature at START: 56.2 °C
START:::===== 2026-02-12 18:13:12 =====
Running PMHID-32, vec_len=131072,Iter=2418189
========================================
Option: gf2_exp Value: 32
Option: id_code_type Value: PMHID
Option: vec_len Value: 131072
Option: csv_file_path Value: ./
Option: data_type Value: random
Option: force Value: 
Option: gf2_exp Value: 
Option: id_code_type Value: 
Option: input_data Value: HelloWorld
Option: n_iter Value: 2418189
Option: rm_order Value: 1
Option: rs2_inner_tag_pos Value: 2
Option: tag_pos Value: 2
Option: vec_len Value: 
Vector Length (bytes): 131072 Generated message size (symbols): 32768 GF exponent: 32
PMHID took on Average 8279.22 nsec for 32-bit with 2418189 iterations.  in total : 20020714 microseconds. 
DONE
System Temperature at END: 56.8 °C
Finished Benchmark: PMHID-, vec_len=131072., Iter=2418189
END:::===== 2026-02-12 18:13:37 =====
