System Temperature at START: 56.2 °C
START:::===== 2026-02-12 18:09:29 =====
Running PMHID-32, vec_len=256,Iter=268817204
========================================
Option: gf2_exp Value: 32
Option: id_code_type Value: PMHID
Option: vec_len Value: 256
Option: csv_file_path Value: ./
Option: data_type Value: random
Option: force Value: 
Option: gf2_exp Value: 
Option: id_code_type Value: 
Option: input_data Value: HelloWorld
Option: n_iter Value: 268817204
Option: rm_order Value: 1
Option: rs2_inner_tag_pos Value: 2
Option: tag_pos Value: 2
Option: vec_len Value: 
Vector Length (bytes): 256 Generated message size (symbols): 64 GF exponent: 32
PMHID took on Average 42.65 nsec for 32-bit with 268817204 iterations.  in total : 11464447 microseconds. 
DONE
System Temperature at END: 56.2 °C
Finished Benchmark: PMHID-, vec_len=256., Iter=268817204
END:::===== 2026-02-12 18:09:44 =====
