System Temperature at START: 56.8 °C
START:::===== 2026-02-12 18:08:57 =====
Running PMHID-32, vec_len=64,Iter=443557329
========================================
Option: gf2_exp Value: 32
Option: id_code_type Value: PMHID
Option: vec_len Value: 64
Option: csv_file_path Value: ./
Option: data_type Value: random
Option: force Value: 
Option: gf2_exp Value: 
Option: id_code_type Value: 
Option: input_data Value: HelloWorld
Option: n_iter Value: 443557329
Option: rm_order Value: 1
Option: rs2_inner_tag_pos Value: 2
Option: tag_pos Value: 2
Option: vec_len Value: 
Vector Length (bytes): 64 Generated message size (symbols): 16 GF exponent: 32
PMHID took on Average 16.27 nsec for 32-bit with 443557329 iterations.  in total : 7216605 microseconds. 
DONE
System Temperature at END: 56.8 °C
Finished Benchmark: PMHID-, vec_len=64., Iter=443557329
END:::===== 2026-02-12 18:09:08 =====
