System Temperature at START: 56.2 °C
START:::===== 2026-02-12 18:11:23 =====
Running PMHID-32, vec_len=8192,Iter=34318267
========================================
Option: gf2_exp Value: 32
Option: id_code_type Value: PMHID
Option: vec_len Value: 8192
Option: csv_file_path Value: ./
Option: data_type Value: random
Option: force Value: 
Option: gf2_exp Value: 
Option: id_code_type Value: 
Option: input_data Value: HelloWorld
Option: n_iter Value: 34318267
Option: rm_order Value: 1
Option: rs2_inner_tag_pos Value: 2
Option: tag_pos Value: 2
Option: vec_len Value: 
Vector Length (bytes): 8192 Generated message size (symbols): 2048 GF exponent: 32
PMHID took on Average 551.32 nsec for 32-bit with 34318267 iterations.  in total : 18920221 microseconds. 
DONE
System Temperature at END: 56.2 °C
Finished Benchmark: PMHID-, vec_len=8192., Iter=34318267
END:::===== 2026-02-12 18:11:46 =====
