System Temperature at START: 56.2 °C
START:::===== 2026-02-12 18:15:04 =====
Running PMHID-32, vec_len=2097152,Iter=150916
========================================
Option: gf2_exp Value: 32
Option: id_code_type Value: PMHID
Option: vec_len Value: 2097152
Option: csv_file_path Value: ./
Option: data_type Value: random
Option: force Value: 
Option: gf2_exp Value: 
Option: id_code_type Value: 
Option: input_data Value: HelloWorld
Option: n_iter Value: 150916
Option: rm_order Value: 1
Option: rs2_inner_tag_pos Value: 2
Option: tag_pos Value: 2
Option: vec_len Value: 
Vector Length (bytes): 2097152 Generated message size (symbols): 524288 GF exponent: 32
PMHID took on Average 135709.06 nsec for 32-bit with 150916 iterations.  in total : 20480668 microseconds. 
DONE
System Temperature at END: 57.3 °C
Finished Benchmark: PMHID-, vec_len=2097152., Iter=150916
END:::===== 2026-02-12 18:15:28 =====
