System Temperature at START: 56.2 °C
START:::===== 2026-02-12 15:27:58 =====
Running RS2ID-16, vec_len=16384,Iter=203348
========================================
Option: gf2_exp Value: 16
Option: id_code_type Value: RS2ID
Option: vec_len Value: 16384
Option: csv_file_path Value: ./
Option: data_type Value: random
Option: force Value: 
Option: gf2_exp Value: 
Option: id_code_type Value: 
Option: input_data Value: HelloWorld
Option: n_iter Value: 203348
Option: rm_order Value: 1
Option: rs2_inner_tag_pos Value: 2
Option: tag_pos Value: 2
Option: vec_len Value: 
Vector Length (bytes): 16384 Generated message size (symbols): 8192 GF exponent: 16
Glois Field GF(2^16) Generated Successfully
RS2ID took on Average 98577.38 nsec for 16-bit with 203348 iterations.  in total : 20045513 microseconds. 
DONE
System Temperature at END: 55.1 °C
Finished Benchmark: RS2ID-, vec_len=16384., Iter=203348
END:::===== 2026-02-12 15:28:23 =====
