System Temperature at START: 55.1 °C
START:::===== 2026-02-12 15:24:44 =====
Running RS2ID-16, vec_len=128,Iter=24869744
========================================
Option: gf2_exp Value: 16
Option: id_code_type Value: RS2ID
Option: vec_len Value: 128
Option: csv_file_path Value: ./
Option: data_type Value: random
Option: force Value: 
Option: gf2_exp Value: 
Option: id_code_type Value: 
Option: input_data Value: HelloWorld
Option: n_iter Value: 24869744
Option: rm_order Value: 1
Option: rs2_inner_tag_pos Value: 2
Option: tag_pos Value: 2
Option: vec_len Value: 
Vector Length (bytes): 128 Generated message size (symbols): 64 GF exponent: 16
Glois Field GF(2^16) Generated Successfully
RS2ID took on Average 772.09 nsec for 16-bit with 24869744 iterations.  in total : 19201664 microseconds. 
DONE
System Temperature at END: 55.1 °C
Finished Benchmark: RS2ID-, vec_len=128., Iter=24869744
END:::===== 2026-02-12 15:25:08 =====
