System Temperature at START: 55.6 °C
START:::===== 2026-02-12 15:23:52 =====
Running RS2ID-16, vec_len=32,Iter=64217826
========================================
Option: gf2_exp Value: 16
Option: id_code_type Value: RS2ID
Option: vec_len Value: 32
Option: csv_file_path Value: ./
Option: data_type Value: random
Option: force Value: 
Option: gf2_exp Value: 
Option: id_code_type Value: 
Option: input_data Value: HelloWorld
Option: n_iter Value: 64217826
Option: rm_order Value: 1
Option: rs2_inner_tag_pos Value: 2
Option: tag_pos Value: 2
Option: vec_len Value: 
Vector Length (bytes): 32 Generated message size (symbols): 16 GF exponent: 16
Glois Field GF(2^16) Generated Successfully
RS2ID took on Average 276.48 nsec for 16-bit with 64217826 iterations.  in total : 17755101 microseconds. 
DONE
System Temperature at END: 55.6 °C
Finished Benchmark: RS2ID-, vec_len=32., Iter=64217826
END:::===== 2026-02-12 15:24:14 =====
