System Temperature at START: 55.1 °C
START:::===== 2026-02-12 15:29:51 =====
Running RS2ID-16, vec_len=262144,Iter=12328
========================================
Option: gf2_exp Value: 16
Option: id_code_type Value: RS2ID
Option: vec_len Value: 262144
Option: csv_file_path Value: ./
Option: data_type Value: random
Option: force Value: 
Option: gf2_exp Value: 
Option: id_code_type Value: 
Option: input_data Value: HelloWorld
Option: n_iter Value: 12328
Option: rm_order Value: 1
Option: rs2_inner_tag_pos Value: 2
Option: tag_pos Value: 2
Option: vec_len Value: 
Vector Length (bytes): 262144 Generated message size (symbols): 131072 GF exponent: 16
Glois Field GF(2^16) Generated Successfully
RS2ID took on Average 1607823.98 nsec for 16-bit with 12328 iterations.  in total : 19821254 microseconds. 
DONE
System Temperature at END: 55.6 °C
Finished Benchmark: RS2ID-, vec_len=262144., Iter=12328
END:::===== 2026-02-12 15:30:15 =====
