System Temperature at START: 55.6 °C
START:::===== 2026-02-12 15:25:12 =====
Running RS2ID-16, vec_len=256,Iter=13622029
========================================
Option: gf2_exp Value: 16
Option: id_code_type Value: RS2ID
Option: vec_len Value: 256
Option: csv_file_path Value: ./
Option: data_type Value: random
Option: force Value: 
Option: gf2_exp Value: 
Option: id_code_type Value: 
Option: input_data Value: HelloWorld
Option: n_iter Value: 13622029
Option: rm_order Value: 1
Option: rs2_inner_tag_pos Value: 2
Option: tag_pos Value: 2
Option: vec_len Value: 
Vector Length (bytes): 256 Generated message size (symbols): 128 GF exponent: 16
Glois Field GF(2^16) Generated Successfully
RS2ID took on Average 1436.14 nsec for 16-bit with 13622029 iterations.  in total : 19563100 microseconds. 
DONE
System Temperature at END: 55.6 °C
Finished Benchmark: RS2ID-, vec_len=256., Iter=13622029
END:::===== 2026-02-12 15:25:35 =====
