System Temperature at START: 52.4 °C
START:::===== 2026-02-12 14:26:39 =====
Running RSID-16, vec_len=512,Iter=7089508
========================================
Option: gf2_exp Value: 16
Option: id_code_type Value: RSID
Option: vec_len Value: 512
Option: csv_file_path Value: ./
Option: data_type Value: random
Option: force Value: 
Option: gf2_exp Value: 
Option: id_code_type Value: 
Option: input_data Value: HelloWorld
Option: n_iter Value: 7089508
Option: rm_order Value: 1
Option: rs2_inner_tag_pos Value: 2
Option: tag_pos Value: 2
Option: vec_len Value: 
Vector Length (bytes): 512 Generated message size (symbols): 256 GF exponent: 16
Glois Field GF(2^16) Generated Successfully
RSID took on Average 2783.30 nsec for 16-bit with 7089508 iterations.  in total : 19732203 microseconds. 
DONE
System Temperature at END: 52.9 °C
Finished Benchmark: RSID-, vec_len=512., Iter=7089508
END:::===== 2026-02-12 14:27:03 =====
