System Temperature at START: 53.5 °C
START:::===== 2026-02-12 14:30:24 =====
Running RSID-16, vec_len=131072,Iter=25092
========================================
Option: gf2_exp Value: 16
Option: id_code_type Value: RSID
Option: vec_len Value: 131072
Option: csv_file_path Value: ./
Option: data_type Value: random
Option: force Value: 
Option: gf2_exp Value: 
Option: id_code_type Value: 
Option: input_data Value: HelloWorld
Option: n_iter Value: 25092
Option: rm_order Value: 1
Option: rs2_inner_tag_pos Value: 2
Option: tag_pos Value: 2
Option: vec_len Value: 
Vector Length (bytes): 131072 Generated message size (symbols): 65536 GF exponent: 16
Glois Field GF(2^16) Generated Successfully
RSID took on Average 799253.67 nsec for 16-bit with 25092 iterations.  in total : 20054873 microseconds. 
DONE
System Temperature at END: 54.0 °C
Finished Benchmark: RSID-, vec_len=131072., Iter=25092
END:::===== 2026-02-12 14:30:48 =====
