System Temperature at START: 54.0 °C
START:::===== 2026-02-12 14:32:00 =====
Running RSID-16, vec_len=1048576,Iter=10000
========================================
Option: gf2_exp Value: 16
Option: id_code_type Value: RSID
Option: vec_len Value: 1048576
Option: csv_file_path Value: ./
Option: data_type Value: random
Option: force Value: 
Option: gf2_exp Value: 
Option: id_code_type Value: 
Option: input_data Value: HelloWorld
Option: n_iter Value: 10000
Option: rm_order Value: 1
Option: rs2_inner_tag_pos Value: 2
Option: tag_pos Value: 2
Option: vec_len Value: 
Vector Length (bytes): 1048576 Generated message size (symbols): 524288 GF exponent: 16
Glois Field GF(2^16) Generated Successfully
RSID took on Average 6369497.83 nsec for 16-bit with 10000 iterations.  in total : 63694978 microseconds. 
DONE
System Temperature at END: 54.5 °C
Finished Benchmark: RSID-, vec_len=1048576., Iter=10000
END:::===== 2026-02-12 14:33:07 =====
