System Temperature at START: 52.9 °C
START:::===== 2026-02-12 14:26:12 =====
Running RSID-16, vec_len=256,Iter=14475341
========================================
Option: gf2_exp Value: 16
Option: id_code_type Value: RSID
Option: vec_len Value: 256
Option: csv_file_path Value: ./
Option: data_type Value: random
Option: force Value: 
Option: gf2_exp Value: 
Option: id_code_type Value: 
Option: input_data Value: HelloWorld
Option: n_iter Value: 14475341
Option: rm_order Value: 1
Option: rs2_inner_tag_pos Value: 2
Option: tag_pos Value: 2
Option: vec_len Value: 
Vector Length (bytes): 256 Generated message size (symbols): 128 GF exponent: 16
Glois Field GF(2^16) Generated Successfully
RSID took on Average 1339.99 nsec for 16-bit with 14475341 iterations.  in total : 19396780 microseconds. 
DONE
System Temperature at END: 53.5 °C
Finished Benchmark: RSID-, vec_len=256., Iter=14475341
END:::===== 2026-02-12 14:26:35 =====
