System Temperature at START: 53.5 °C
START:::===== 2026-02-12 14:24:54 =====
Running RSID-16, vec_len=32,Iter=89281728
========================================
Option: gf2_exp Value: 16
Option: id_code_type Value: RSID
Option: vec_len Value: 32
Option: csv_file_path Value: ./
Option: data_type Value: random
Option: force Value: 
Option: gf2_exp Value: 
Option: id_code_type Value: 
Option: input_data Value: HelloWorld
Option: n_iter Value: 89281728
Option: rm_order Value: 1
Option: rs2_inner_tag_pos Value: 2
Option: tag_pos Value: 2
Option: vec_len Value: 
Vector Length (bytes): 32 Generated message size (symbols): 16 GF exponent: 16
Glois Field GF(2^16) Generated Successfully
RSID took on Average 185.20 nsec for 16-bit with 89281728 iterations.  in total : 16534590 microseconds. 
DONE
System Temperature at END: 53.5 °C
Finished Benchmark: RSID-, vec_len=32., Iter=89281728
END:::===== 2026-02-12 14:25:15 =====
