System Temperature at START: 53.5 °C
START:::===== 2026-02-12 14:31:20 =====
Running RSID-16, vec_len=524288,Iter=10000
========================================
Option: gf2_exp Value: 16
Option: id_code_type Value: RSID
Option: vec_len Value: 524288
Option: csv_file_path Value: ./
Option: data_type Value: random
Option: force Value: 
Option: gf2_exp Value: 
Option: id_code_type Value: 
Option: input_data Value: HelloWorld
Option: n_iter Value: 10000
Option: rm_order Value: 1
Option: rs2_inner_tag_pos Value: 2
Option: tag_pos Value: 2
Option: vec_len Value: 
Vector Length (bytes): 524288 Generated message size (symbols): 262144 GF exponent: 16
Glois Field GF(2^16) Generated Successfully
RSID took on Average 3202788.82 nsec for 16-bit with 10000 iterations.  in total : 32027888 microseconds. 
DONE
System Temperature at END: 54.5 °C
Finished Benchmark: RSID-, vec_len=524288., Iter=10000
END:::===== 2026-02-12 14:31:56 =====
