System Temperature at START: 56.2 °C
START:::===== 2026-02-12 16:03:49 =====
Running RS2ID-64, vec_len=512,Iter=10153933
========================================
Option: gf2_exp Value: 64
Option: id_code_type Value: RS2ID
Option: vec_len Value: 512
Option: csv_file_path Value: ./
Option: data_type Value: random
Option: force Value: 
Option: gf2_exp Value: 
Option: id_code_type Value: 
Option: input_data Value: HelloWorld
Option: n_iter Value: 10153933
Option: rm_order Value: 1
Option: rs2_inner_tag_pos Value: 2
Option: tag_pos Value: 2
Option: vec_len Value: 
Vector Length (bytes): 512 Generated message size (symbols): 64 GF exponent: 64
RS2ID took on Average 1937.90 nsec for 64-bit with 10153933 iterations.  in total : 19677322 microseconds. 
DONE
System Temperature at END: 56.2 °C
Finished Benchmark: RS2ID-, vec_len=512., Iter=10153933
END:::===== 2026-02-12 16:04:13 =====
