System Temperature at START: 55.6 °C
START:::===== 2026-02-12 16:05:40 =====
Running RS2ID-64, vec_len=8192,Iter=292554
========================================
Option: gf2_exp Value: 64
Option: id_code_type Value: RS2ID
Option: vec_len Value: 8192
Option: csv_file_path Value: ./
Option: data_type Value: random
Option: force Value: 
Option: gf2_exp Value: 
Option: id_code_type Value: 
Option: input_data Value: HelloWorld
Option: n_iter Value: 292554
Option: rm_order Value: 1
Option: rs2_inner_tag_pos Value: 2
Option: tag_pos Value: 2
Option: vec_len Value: 
Vector Length (bytes): 8192 Generated message size (symbols): 1024 GF exponent: 64
RS2ID took on Average 67072.87 nsec for 64-bit with 292554 iterations.  in total : 19622437 microseconds. 
DONE
System Temperature at END: 55.6 °C
Finished Benchmark: RS2ID-, vec_len=8192., Iter=292554
END:::===== 2026-02-12 16:06:04 =====
