System Temperature at START: 55.6 °C
START:::===== 2026-02-12 16:06:36 =====
Running RS2ID-64, vec_len=32768,Iter=66644
========================================
Option: gf2_exp Value: 64
Option: id_code_type Value: RS2ID
Option: vec_len Value: 32768
Option: csv_file_path Value: ./
Option: data_type Value: random
Option: force Value: 
Option: gf2_exp Value: 
Option: id_code_type Value: 
Option: input_data Value: HelloWorld
Option: n_iter Value: 66644
Option: rm_order Value: 1
Option: rs2_inner_tag_pos Value: 2
Option: tag_pos Value: 2
Option: vec_len Value: 
Vector Length (bytes): 32768 Generated message size (symbols): 4096 GF exponent: 64
RS2ID took on Average 301253.75 nsec for 64-bit with 66644 iterations.  in total : 20076754 microseconds. 
DONE
System Temperature at END: 56.2 °C
Finished Benchmark: RS2ID-, vec_len=32768., Iter=66644
END:::===== 2026-02-12 16:07:00 =====
