System Temperature at START: 55.6 °C
START:::===== 2026-02-12 16:02:05 =====
Running RS2ID-64, vec_len=32,Iter=80035215
========================================
Option: gf2_exp Value: 64
Option: id_code_type Value: RS2ID
Option: vec_len Value: 32
Option: csv_file_path Value: ./
Option: data_type Value: random
Option: force Value: 
Option: gf2_exp Value: 
Option: id_code_type Value: 
Option: input_data Value: HelloWorld
Option: n_iter Value: 80035215
Option: rm_order Value: 1
Option: rs2_inner_tag_pos Value: 2
Option: tag_pos Value: 2
Option: vec_len Value: 
Vector Length (bytes): 32 Generated message size (symbols): 4 GF exponent: 64
RS2ID took on Average 216.32 nsec for 64-bit with 80035215 iterations.  in total : 17313068 microseconds. 
DONE
System Temperature at END: 56.2 °C
Finished Benchmark: RS2ID-, vec_len=32., Iter=80035215
END:::===== 2026-02-12 16:02:26 =====
