System Temperature at START: 56.2 °C
START:::===== 2026-02-12 16:04:45 =====
Running RS2ID-64, vec_len=2048,Iter=1967022
========================================
Option: gf2_exp Value: 64
Option: id_code_type Value: RS2ID
Option: vec_len Value: 2048
Option: csv_file_path Value: ./
Option: data_type Value: random
Option: force Value: 
Option: gf2_exp Value: 
Option: id_code_type Value: 
Option: input_data Value: HelloWorld
Option: n_iter Value: 1967022
Option: rm_order Value: 1
Option: rs2_inner_tag_pos Value: 2
Option: tag_pos Value: 2
Option: vec_len Value: 
Vector Length (bytes): 2048 Generated message size (symbols): 256 GF exponent: 64
RS2ID took on Average 10030.51 nsec for 64-bit with 1967022 iterations.  in total : 19730226 microseconds. 
DONE
System Temperature at END: 56.2 °C
Finished Benchmark: RS2ID-, vec_len=2048., Iter=1967022
END:::===== 2026-02-12 16:05:08 =====
