System Temperature at START: 55.1 °C
START:::===== 2026-02-12 16:02:55 =====
Running RS2ID-64, vec_len=128,Iter=37132619
========================================
Option: gf2_exp Value: 64
Option: id_code_type Value: RS2ID
Option: vec_len Value: 128
Option: csv_file_path Value: ./
Option: data_type Value: random
Option: force Value: 
Option: gf2_exp Value: 
Option: id_code_type Value: 
Option: input_data Value: HelloWorld
Option: n_iter Value: 37132619
Option: rm_order Value: 1
Option: rs2_inner_tag_pos Value: 2
Option: tag_pos Value: 2
Option: vec_len Value: 
Vector Length (bytes): 128 Generated message size (symbols): 16 GF exponent: 64
RS2ID took on Average 510.09 nsec for 64-bit with 37132619 iterations.  in total : 18940936 microseconds. 
DONE
System Temperature at END: 56.8 °C
Finished Benchmark: RS2ID-, vec_len=128., Iter=37132619
END:::===== 2026-02-12 16:03:18 =====
