System Temperature at START: 56.2 °C
START:::===== 2026-02-12 16:05:12 =====
Running RS2ID-64, vec_len=4096,Iter=748662
========================================
Option: gf2_exp Value: 64
Option: id_code_type Value: RS2ID
Option: vec_len Value: 4096
Option: csv_file_path Value: ./
Option: data_type Value: random
Option: force Value: 
Option: gf2_exp Value: 
Option: id_code_type Value: 
Option: input_data Value: HelloWorld
Option: n_iter Value: 748662
Option: rm_order Value: 1
Option: rs2_inner_tag_pos Value: 2
Option: tag_pos Value: 2
Option: vec_len Value: 
Vector Length (bytes): 4096 Generated message size (symbols): 512 GF exponent: 64
RS2ID took on Average 26674.98 nsec for 64-bit with 748662 iterations.  in total : 19970542 microseconds. 
DONE
System Temperature at END: 56.2 °C
Finished Benchmark: RS2ID-, vec_len=4096., Iter=748662
END:::===== 2026-02-12 16:05:36 =====
