System Temperature at START: 55.6 °C
START:::===== 2026-02-12 16:07:32 =====
Running RS2ID-64, vec_len=131072,Iter=15221
========================================
Option: gf2_exp Value: 64
Option: id_code_type Value: RS2ID
Option: vec_len Value: 131072
Option: csv_file_path Value: ./
Option: data_type Value: random
Option: force Value: 
Option: gf2_exp Value: 
Option: id_code_type Value: 
Option: input_data Value: HelloWorld
Option: n_iter Value: 15221
Option: rm_order Value: 1
Option: rs2_inner_tag_pos Value: 2
Option: tag_pos Value: 2
Option: vec_len Value: 
Vector Length (bytes): 131072 Generated message size (symbols): 16384 GF exponent: 64
RS2ID took on Average 1311987.07 nsec for 64-bit with 15221 iterations.  in total : 19969755 microseconds. 
DONE
System Temperature at END: 56.2 °C
Finished Benchmark: RS2ID-, vec_len=131072., Iter=15221
END:::===== 2026-02-12 16:07:56 =====
