System Temperature at START: 55.6 °C
START:::===== 2026-02-12 16:02:30 =====
Running RS2ID-64, vec_len=64,Iter=59150597
========================================
Option: gf2_exp Value: 64
Option: id_code_type Value: RS2ID
Option: vec_len Value: 64
Option: csv_file_path Value: ./
Option: data_type Value: random
Option: force Value: 
Option: gf2_exp Value: 
Option: id_code_type Value: 
Option: input_data Value: HelloWorld
Option: n_iter Value: 59150597
Option: rm_order Value: 1
Option: rs2_inner_tag_pos Value: 2
Option: tag_pos Value: 2
Option: vec_len Value: 
Vector Length (bytes): 64 Generated message size (symbols): 8 GF exponent: 64
RS2ID took on Average 281.02 nsec for 64-bit with 59150597 iterations.  in total : 16622742 microseconds. 
DONE
System Temperature at END: 56.8 °C
Finished Benchmark: RS2ID-, vec_len=64., Iter=59150597
END:::===== 2026-02-12 16:02:51 =====
