System Temperature at START: 55.6 °C
START:::===== 2026-02-12 18:19:29 =====
Running PMHID-64, vec_len=256,Iter=386922035
========================================
Option: gf2_exp Value: 64
Option: id_code_type Value: PMHID
Option: vec_len Value: 256
Option: csv_file_path Value: ./
Option: data_type Value: random
Option: force Value: 
Option: gf2_exp Value: 
Option: id_code_type Value: 
Option: input_data Value: HelloWorld
Option: n_iter Value: 386922035
Option: rm_order Value: 1
Option: rs2_inner_tag_pos Value: 2
Option: tag_pos Value: 2
Option: vec_len Value: 
Vector Length (bytes): 256 Generated message size (symbols): 32 GF exponent: 64
PMHID took on Average 21.90 nsec for 64-bit with 386922035 iterations.  in total : 8472942 microseconds. 
DONE
System Temperature at END: 55.6 °C
Finished Benchmark: PMHID-, vec_len=256., Iter=386922035
END:::===== 2026-02-12 18:19:42 =====
