System Temperature at START: 55.6 °C
START:::===== 2026-02-12 18:23:29 =====
Running PMHID-64, vec_len=262144,Iter=2417315
========================================
Option: gf2_exp Value: 64
Option: id_code_type Value: PMHID
Option: vec_len Value: 262144
Option: csv_file_path Value: ./
Option: data_type Value: random
Option: force Value: 
Option: gf2_exp Value: 
Option: id_code_type Value: 
Option: input_data Value: HelloWorld
Option: n_iter Value: 2417315
Option: rm_order Value: 1
Option: rs2_inner_tag_pos Value: 2
Option: tag_pos Value: 2
Option: vec_len Value: 
Vector Length (bytes): 262144 Generated message size (symbols): 32768 GF exponent: 64
PMHID took on Average 8419.46 nsec for 64-bit with 2417315 iterations.  in total : 20352495 microseconds. 
DONE
System Temperature at END: 56.2 °C
Finished Benchmark: PMHID-, vec_len=262144., Iter=2417315
END:::===== 2026-02-12 18:23:53 =====
