System Temperature at START: 56.2 °C
START:::===== 2026-02-12 18:24:53 =====
Running PMHID-64, vec_len=2097152,Iter=302933
========================================
Option: gf2_exp Value: 64
Option: id_code_type Value: PMHID
Option: vec_len Value: 2097152
Option: csv_file_path Value: ./
Option: data_type Value: random
Option: force Value: 
Option: gf2_exp Value: 
Option: id_code_type Value: 
Option: input_data Value: HelloWorld
Option: n_iter Value: 302933
Option: rm_order Value: 1
Option: rs2_inner_tag_pos Value: 2
Option: tag_pos Value: 2
Option: vec_len Value: 
Vector Length (bytes): 2097152 Generated message size (symbols): 262144 GF exponent: 64
PMHID took on Average 67844.54 nsec for 64-bit with 302933 iterations.  in total : 20552350 microseconds. 
DONE
System Temperature at END: 56.8 °C
Finished Benchmark: PMHID-, vec_len=2097152., Iter=302933
END:::===== 2026-02-12 18:25:18 =====
