System Temperature at START: 56.2 °C
START:::===== 2026-02-12 18:23:57 =====
Running PMHID-64, vec_len=524288,Iter=1183219
========================================
Option: gf2_exp Value: 64
Option: id_code_type Value: PMHID
Option: vec_len Value: 524288
Option: csv_file_path Value: ./
Option: data_type Value: random
Option: force Value: 
Option: gf2_exp Value: 
Option: id_code_type Value: 
Option: input_data Value: HelloWorld
Option: n_iter Value: 1183219
Option: rm_order Value: 1
Option: rs2_inner_tag_pos Value: 2
Option: tag_pos Value: 2
Option: vec_len Value: 
Vector Length (bytes): 524288 Generated message size (symbols): 65536 GF exponent: 64
PMHID took on Average 16578.26 nsec for 64-bit with 1183219 iterations.  in total : 19615712 microseconds. 
DONE
System Temperature at END: 55.6 °C
Finished Benchmark: PMHID-, vec_len=524288., Iter=1183219
END:::===== 2026-02-12 18:24:21 =====
