System Temperature at START: 55.1 °C
START:::===== 2026-02-12 18:20:26 =====
Running PMHID-64, vec_len=2048,Iter=158692374
========================================
Option: gf2_exp Value: 64
Option: id_code_type Value: PMHID
Option: vec_len Value: 2048
Option: csv_file_path Value: ./
Option: data_type Value: random
Option: force Value: 
Option: gf2_exp Value: 
Option: id_code_type Value: 
Option: input_data Value: HelloWorld
Option: n_iter Value: 158692374
Option: rm_order Value: 1
Option: rs2_inner_tag_pos Value: 2
Option: tag_pos Value: 2
Option: vec_len Value: 
Vector Length (bytes): 2048 Generated message size (symbols): 256 GF exponent: 64
PMHID took on Average 91.71 nsec for 64-bit with 158692374 iterations.  in total : 14552987 microseconds. 
DONE
System Temperature at END: 55.6 °C
Finished Benchmark: PMHID-, vec_len=2048., Iter=158692374
END:::===== 2026-02-12 18:20:45 =====
