System Temperature at START: 56.2 °C
START:::===== 2026-02-12 18:18:47 =====
Running PMHID-64, vec_len=32,Iter=520697734
========================================
Option: gf2_exp Value: 64
Option: id_code_type Value: PMHID
Option: vec_len Value: 32
Option: csv_file_path Value: ./
Option: data_type Value: random
Option: force Value: 
Option: gf2_exp Value: 
Option: id_code_type Value: 
Option: input_data Value: HelloWorld
Option: n_iter Value: 520697734
Option: rm_order Value: 1
Option: rs2_inner_tag_pos Value: 2
Option: tag_pos Value: 2
Option: vec_len Value: 
Vector Length (bytes): 32 Generated message size (symbols): 4 GF exponent: 64
PMHID took on Average 9.18 nsec for 64-bit with 520697734 iterations.  in total : 4781016 microseconds. 
DONE
System Temperature at END: 55.6 °C
Finished Benchmark: PMHID-, vec_len=32., Iter=520697734
END:::===== 2026-02-12 18:18:56 =====
