System Temperature at START: 56.2 °C
START:::===== 2026-02-12 18:22:34 =====
Running PMHID-64, vec_len=65536,Iter=9506064
========================================
Option: gf2_exp Value: 64
Option: id_code_type Value: PMHID
Option: vec_len Value: 65536
Option: csv_file_path Value: ./
Option: data_type Value: random
Option: force Value: 
Option: gf2_exp Value: 
Option: id_code_type Value: 
Option: input_data Value: HelloWorld
Option: n_iter Value: 9506064
Option: rm_order Value: 1
Option: rs2_inner_tag_pos Value: 2
Option: tag_pos Value: 2
Option: vec_len Value: 
Vector Length (bytes): 65536 Generated message size (symbols): 8192 GF exponent: 64
PMHID took on Average 2070.88 nsec for 64-bit with 9506064 iterations.  in total : 19685907 microseconds. 
DONE
System Temperature at END: 56.2 °C
Finished Benchmark: PMHID-, vec_len=65536., Iter=9506064
END:::===== 2026-02-12 18:22:57 =====
