System Temperature at START: 55.1 °C
START:::===== 2026-02-12 18:20:05 =====
Running PMHID-64, vec_len=1024,Iter=209819555
========================================
Option: gf2_exp Value: 64
Option: id_code_type Value: PMHID
Option: vec_len Value: 1024
Option: csv_file_path Value: ./
Option: data_type Value: random
Option: force Value: 
Option: gf2_exp Value: 
Option: id_code_type Value: 
Option: input_data Value: HelloWorld
Option: n_iter Value: 209819555
Option: rm_order Value: 1
Option: rs2_inner_tag_pos Value: 2
Option: tag_pos Value: 2
Option: vec_len Value: 
Vector Length (bytes): 1024 Generated message size (symbols): 128 GF exponent: 64
PMHID took on Average 61.00 nsec for 64-bit with 209819555 iterations.  in total : 12798272 microseconds. 
DONE
System Temperature at END: 56.2 °C
Finished Benchmark: PMHID-, vec_len=1024., Iter=209819555
END:::===== 2026-02-12 18:20:22 =====
